{"/home/bushido/Área de Trabalho/Simulado-processo-seletivo/simulado/src/App.tsx": {"path":"/home/bushido/Área de Trabalho/Simulado-processo-seletivo/simulado/src/App.tsx","all":false,"statementMap":{"0":{"start":{"line":1,"column":0},"end":{"line":1,"column":48}},"1":{"start":{"line":2,"column":0},"end":{"line":2,"column":41}},"2":{"start":{"line":3,"column":0},"end":{"line":3,"column":50}},"3":{"start":{"line":4,"column":0},"end":{"line":4,"column":44}},"4":{"start":{"line":5,"column":0},"end":{"line":5,"column":53}},"5":{"start":{"line":6,"column":0},"end":{"line":6,"column":44}},"6":{"start":{"line":7,"column":0},"end":{"line":7,"column":50}},"7":{"start":{"line":8,"column":0},"end":{"line":8,"column":53}},"8":{"start":{"line":9,"column":0},"end":{"line":9,"column":59}},"9":{"start":{"line":10,"column":0},"end":{"line":10,"column":47}},"10":{"start":{"line":11,"column":0},"end":{"line":11,"column":21}},"11":{"start":{"line":12,"column":0},"end":{"line":12,"column":0}},"12":{"start":{"line":13,"column":0},"end":{"line":13,"column":0}},"13":{"start":{"line":14,"column":0},"end":{"line":14,"column":16}},"14":{"start":{"line":15,"column":0},"end":{"line":15,"column":0}},"15":{"start":{"line":16,"column":0},"end":{"line":16,"column":10}},"16":{"start":{"line":17,"column":0},"end":{"line":17,"column":12}},"17":{"start":{"line":18,"column":0},"end":{"line":18,"column":38}},"18":{"start":{"line":19,"column":0},"end":{"line":19,"column":45}},"19":{"start":{"line":20,"column":0},"end":{"line":20,"column":51}},"20":{"start":{"line":21,"column":0},"end":{"line":21,"column":55}},"21":{"start":{"line":22,"column":0},"end":{"line":22,"column":72}},"22":{"start":{"line":23,"column":0},"end":{"line":23,"column":57}},"23":{"start":{"line":24,"column":0},"end":{"line":24,"column":51}},"24":{"start":{"line":25,"column":0},"end":{"line":25,"column":55}},"25":{"start":{"line":26,"column":0},"end":{"line":26,"column":49}},"26":{"start":{"line":27,"column":0},"end":{"line":27,"column":14}},"27":{"start":{"line":28,"column":0},"end":{"line":28,"column":13}},"28":{"start":{"line":29,"column":0},"end":{"line":29,"column":3}},"29":{"start":{"line":30,"column":0},"end":{"line":30,"column":1}},"30":{"start":{"line":31,"column":0},"end":{"line":31,"column":0}},"31":{"start":{"line":32,"column":0},"end":{"line":32,"column":18}}},"s":{"0":1,"1":1,"2":1,"3":1,"4":1,"5":1,"6":1,"7":1,"8":1,"9":1,"10":1,"11":1,"12":1,"13":13,"14":13,"15":13,"16":13,"17":13,"18":13,"19":13,"20":13,"21":13,"22":13,"23":13,"24":13,"25":13,"26":13,"27":13,"28":13,"29":13,"30":1,"31":1},"branchMap":{"0":{"type":"branch","line":14,"loc":{"start":{"line":14,"column":0},"end":{"line":30,"column":1}},"locations":[{"start":{"line":14,"column":0},"end":{"line":30,"column":1}}]}},"b":{"0":[13]},"fnMap":{"0":{"name":"App","decl":{"start":{"line":14,"column":0},"end":{"line":30,"column":1}},"loc":{"start":{"line":14,"column":0},"end":{"line":30,"column":1}},"line":14}},"f":{"0":13}}
,"/home/bushido/Área de Trabalho/Simulado-processo-seletivo/simulado/src/components/about/About.tsx": {"path":"/home/bushido/Área de Trabalho/Simulado-processo-seletivo/simulado/src/components/about/About.tsx","all":false,"statementMap":{"0":{"start":{"line":1,"column":0},"end":{"line":1,"column":47}},"1":{"start":{"line":2,"column":0},"end":{"line":2,"column":38}},"2":{"start":{"line":3,"column":0},"end":{"line":3,"column":44}},"3":{"start":{"line":4,"column":0},"end":{"line":4,"column":0}},"4":{"start":{"line":5,"column":0},"end":{"line":5,"column":19}},"5":{"start":{"line":6,"column":0},"end":{"line":6,"column":31}},"6":{"start":{"line":7,"column":0},"end":{"line":7,"column":8}},"7":{"start":{"line":8,"column":0},"end":{"line":8,"column":3}},"8":{"start":{"line":9,"column":0},"end":{"line":9,"column":13}},"9":{"start":{"line":10,"column":0},"end":{"line":10,"column":31}},"10":{"start":{"line":11,"column":0},"end":{"line":11,"column":11}},"11":{"start":{"line":12,"column":0},"end":{"line":12,"column":37}},"12":{"start":{"line":13,"column":0},"end":{"line":13,"column":28}},"13":{"start":{"line":14,"column":0},"end":{"line":14,"column":69}},"14":{"start":{"line":15,"column":0},"end":{"line":15,"column":30}},"15":{"start":{"line":16,"column":0},"end":{"line":16,"column":5}},"16":{"start":{"line":17,"column":0},"end":{"line":17,"column":14}},"17":{"start":{"line":18,"column":0},"end":{"line":18,"column":13}},"18":{"start":{"line":19,"column":0},"end":{"line":19,"column":11}},"19":{"start":{"line":20,"column":0},"end":{"line":20,"column":69}},"20":{"start":{"line":21,"column":0},"end":{"line":21,"column":26}},"21":{"start":{"line":22,"column":0},"end":{"line":22,"column":91}},"22":{"start":{"line":23,"column":0},"end":{"line":23,"column":27}},"23":{"start":{"line":24,"column":0},"end":{"line":24,"column":5}},"24":{"start":{"line":25,"column":0},"end":{"line":25,"column":9}},"25":{"start":{"line":26,"column":0},"end":{"line":26,"column":13}},"26":{"start":{"line":27,"column":0},"end":{"line":27,"column":39}},"27":{"start":{"line":28,"column":0},"end":{"line":28,"column":14}},"28":{"start":{"line":29,"column":0},"end":{"line":29,"column":24}},"29":{"start":{"line":30,"column":0},"end":{"line":30,"column":12}},"30":{"start":{"line":31,"column":0},"end":{"line":31,"column":14}},"31":{"start":{"line":32,"column":0},"end":{"line":32,"column":38}},"32":{"start":{"line":33,"column":0},"end":{"line":33,"column":18}},"33":{"start":{"line":34,"column":0},"end":{"line":34,"column":20}},"34":{"start":{"line":35,"column":0},"end":{"line":35,"column":72}},"35":{"start":{"line":36,"column":0},"end":{"line":36,"column":21}},"36":{"start":{"line":37,"column":0},"end":{"line":37,"column":19}},"37":{"start":{"line":38,"column":0},"end":{"line":38,"column":15}},"38":{"start":{"line":39,"column":0},"end":{"line":39,"column":14}},"39":{"start":{"line":40,"column":0},"end":{"line":40,"column":46}},"40":{"start":{"line":41,"column":0},"end":{"line":41,"column":16}},"41":{"start":{"line":42,"column":0},"end":{"line":42,"column":18}},"42":{"start":{"line":43,"column":0},"end":{"line":43,"column":48}},"43":{"start":{"line":44,"column":0},"end":{"line":44,"column":19}},"44":{"start":{"line":45,"column":0},"end":{"line":45,"column":18}},"45":{"start":{"line":46,"column":0},"end":{"line":46,"column":62}},"46":{"start":{"line":47,"column":0},"end":{"line":47,"column":19}},"47":{"start":{"line":48,"column":0},"end":{"line":48,"column":17}},"48":{"start":{"line":49,"column":0},"end":{"line":49,"column":15}},"49":{"start":{"line":50,"column":0},"end":{"line":50,"column":14}},"50":{"start":{"line":51,"column":0},"end":{"line":51,"column":43}},"51":{"start":{"line":52,"column":0},"end":{"line":52,"column":16}},"52":{"start":{"line":53,"column":0},"end":{"line":53,"column":18}},"53":{"start":{"line":54,"column":0},"end":{"line":54,"column":40}},"54":{"start":{"line":55,"column":0},"end":{"line":55,"column":19}},"55":{"start":{"line":56,"column":0},"end":{"line":56,"column":18}},"56":{"start":{"line":57,"column":0},"end":{"line":57,"column":44}},"57":{"start":{"line":58,"column":0},"end":{"line":58,"column":19}},"58":{"start":{"line":59,"column":0},"end":{"line":59,"column":18}},"59":{"start":{"line":60,"column":0},"end":{"line":60,"column":59}},"60":{"start":{"line":61,"column":0},"end":{"line":61,"column":19}},"61":{"start":{"line":62,"column":0},"end":{"line":62,"column":18}},"62":{"start":{"line":63,"column":0},"end":{"line":63,"column":42}},"63":{"start":{"line":64,"column":0},"end":{"line":64,"column":19}},"64":{"start":{"line":65,"column":0},"end":{"line":65,"column":18}},"65":{"start":{"line":66,"column":0},"end":{"line":66,"column":45}},"66":{"start":{"line":67,"column":0},"end":{"line":67,"column":20}},"67":{"start":{"line":68,"column":0},"end":{"line":68,"column":17}},"68":{"start":{"line":69,"column":0},"end":{"line":69,"column":15}},"69":{"start":{"line":70,"column":0},"end":{"line":70,"column":14}},"70":{"start":{"line":71,"column":0},"end":{"line":71,"column":50}},"71":{"start":{"line":72,"column":0},"end":{"line":72,"column":16}},"72":{"start":{"line":73,"column":0},"end":{"line":73,"column":18}},"73":{"start":{"line":74,"column":0},"end":{"line":74,"column":42}},"74":{"start":{"line":75,"column":0},"end":{"line":75,"column":19}},"75":{"start":{"line":76,"column":0},"end":{"line":76,"column":18}},"76":{"start":{"line":77,"column":0},"end":{"line":77,"column":42}},"77":{"start":{"line":78,"column":0},"end":{"line":78,"column":19}},"78":{"start":{"line":79,"column":0},"end":{"line":79,"column":18}},"79":{"start":{"line":80,"column":0},"end":{"line":80,"column":42}},"80":{"start":{"line":81,"column":0},"end":{"line":81,"column":19}},"81":{"start":{"line":82,"column":0},"end":{"line":82,"column":17}},"82":{"start":{"line":83,"column":0},"end":{"line":83,"column":15}},"83":{"start":{"line":84,"column":0},"end":{"line":84,"column":14}},"84":{"start":{"line":85,"column":0},"end":{"line":85,"column":54}},"85":{"start":{"line":86,"column":0},"end":{"line":86,"column":15}},"86":{"start":{"line":87,"column":0},"end":{"line":87,"column":13}},"87":{"start":{"line":88,"column":0},"end":{"line":88,"column":15}},"88":{"start":{"line":89,"column":0},"end":{"line":89,"column":14}},"89":{"start":{"line":90,"column":0},"end":{"line":90,"column":13}},"90":{"start":{"line":91,"column":0},"end":{"line":91,"column":60}},"91":{"start":{"line":92,"column":0},"end":{"line":92,"column":17}},"92":{"start":{"line":93,"column":0},"end":{"line":93,"column":39}},"93":{"start":{"line":94,"column":0},"end":{"line":94,"column":33}},"94":{"start":{"line":95,"column":0},"end":{"line":95,"column":70}},"95":{"start":{"line":96,"column":0},"end":{"line":96,"column":150}},"96":{"start":{"line":97,"column":0},"end":{"line":97,"column":17}},"97":{"start":{"line":98,"column":0},"end":{"line":98,"column":13}},"98":{"start":{"line":99,"column":0},"end":{"line":99,"column":13}},"99":{"start":{"line":100,"column":0},"end":{"line":100,"column":14}},"100":{"start":{"line":101,"column":0},"end":{"line":101,"column":166}},"101":{"start":{"line":102,"column":0},"end":{"line":102,"column":15}},"102":{"start":{"line":103,"column":0},"end":{"line":103,"column":13}},"103":{"start":{"line":104,"column":0},"end":{"line":104,"column":13}},"104":{"start":{"line":105,"column":0},"end":{"line":105,"column":14}},"105":{"start":{"line":106,"column":0},"end":{"line":106,"column":130}},"106":{"start":{"line":107,"column":0},"end":{"line":107,"column":15}},"107":{"start":{"line":108,"column":0},"end":{"line":108,"column":13}},"108":{"start":{"line":109,"column":0},"end":{"line":109,"column":13}},"109":{"start":{"line":110,"column":0},"end":{"line":110,"column":14}},"110":{"start":{"line":111,"column":0},"end":{"line":111,"column":143}},"111":{"start":{"line":112,"column":0},"end":{"line":112,"column":15}},"112":{"start":{"line":113,"column":0},"end":{"line":113,"column":13}},"113":{"start":{"line":114,"column":0},"end":{"line":114,"column":13}},"114":{"start":{"line":115,"column":0},"end":{"line":115,"column":14}},"115":{"start":{"line":116,"column":0},"end":{"line":116,"column":182}},"116":{"start":{"line":117,"column":0},"end":{"line":117,"column":15}},"117":{"start":{"line":118,"column":0},"end":{"line":118,"column":13}},"118":{"start":{"line":119,"column":0},"end":{"line":119,"column":13}},"119":{"start":{"line":120,"column":0},"end":{"line":120,"column":18}},"120":{"start":{"line":121,"column":0},"end":{"line":121,"column":0}},"121":{"start":{"line":122,"column":0},"end":{"line":122,"column":17}},"122":{"start":{"line":123,"column":0},"end":{"line":123,"column":74}},"123":{"start":{"line":124,"column":0},"end":{"line":124,"column":13}},"124":{"start":{"line":125,"column":0},"end":{"line":125,"column":39}},"125":{"start":{"line":126,"column":0},"end":{"line":126,"column":14}},"126":{"start":{"line":127,"column":0},"end":{"line":127,"column":152}},"127":{"start":{"line":128,"column":0},"end":{"line":128,"column":72}},"128":{"start":{"line":129,"column":0},"end":{"line":129,"column":15}},"129":{"start":{"line":130,"column":0},"end":{"line":130,"column":13}},"130":{"start":{"line":131,"column":0},"end":{"line":131,"column":13}},"131":{"start":{"line":132,"column":0},"end":{"line":132,"column":14}},"132":{"start":{"line":133,"column":0},"end":{"line":133,"column":69}},"133":{"start":{"line":134,"column":0},"end":{"line":134,"column":15}},"134":{"start":{"line":135,"column":0},"end":{"line":135,"column":13}},"135":{"start":{"line":136,"column":0},"end":{"line":136,"column":13}},"136":{"start":{"line":137,"column":0},"end":{"line":137,"column":14}},"137":{"start":{"line":138,"column":0},"end":{"line":138,"column":80}},"138":{"start":{"line":139,"column":0},"end":{"line":139,"column":15}},"139":{"start":{"line":140,"column":0},"end":{"line":140,"column":13}},"140":{"start":{"line":141,"column":0},"end":{"line":141,"column":13}},"141":{"start":{"line":142,"column":0},"end":{"line":142,"column":63}},"142":{"start":{"line":143,"column":0},"end":{"line":143,"column":14}},"143":{"start":{"line":144,"column":0},"end":{"line":144,"column":125}},"144":{"start":{"line":145,"column":0},"end":{"line":145,"column":15}},"145":{"start":{"line":146,"column":0},"end":{"line":146,"column":13}},"146":{"start":{"line":147,"column":0},"end":{"line":147,"column":13}},"147":{"start":{"line":148,"column":0},"end":{"line":148,"column":14}},"148":{"start":{"line":149,"column":0},"end":{"line":149,"column":71}},"149":{"start":{"line":150,"column":0},"end":{"line":150,"column":87}},"150":{"start":{"line":151,"column":0},"end":{"line":151,"column":15}},"151":{"start":{"line":152,"column":0},"end":{"line":152,"column":13}},"152":{"start":{"line":153,"column":0},"end":{"line":153,"column":13}},"153":{"start":{"line":154,"column":0},"end":{"line":154,"column":14}},"154":{"start":{"line":155,"column":0},"end":{"line":155,"column":206}},"155":{"start":{"line":156,"column":0},"end":{"line":156,"column":15}},"156":{"start":{"line":157,"column":0},"end":{"line":157,"column":13}},"157":{"start":{"line":158,"column":0},"end":{"line":158,"column":13}},"158":{"start":{"line":159,"column":0},"end":{"line":159,"column":14}},"159":{"start":{"line":160,"column":0},"end":{"line":160,"column":118}},"160":{"start":{"line":161,"column":0},"end":{"line":161,"column":15}},"161":{"start":{"line":162,"column":0},"end":{"line":162,"column":13}},"162":{"start":{"line":163,"column":0},"end":{"line":163,"column":13}},"163":{"start":{"line":164,"column":0},"end":{"line":164,"column":14}},"164":{"start":{"line":165,"column":0},"end":{"line":165,"column":146}},"165":{"start":{"line":166,"column":0},"end":{"line":166,"column":15}},"166":{"start":{"line":167,"column":0},"end":{"line":167,"column":13}},"167":{"start":{"line":168,"column":0},"end":{"line":168,"column":13}},"168":{"start":{"line":169,"column":0},"end":{"line":169,"column":14}},"169":{"start":{"line":170,"column":0},"end":{"line":170,"column":198}},"170":{"start":{"line":171,"column":0},"end":{"line":171,"column":15}},"171":{"start":{"line":172,"column":0},"end":{"line":172,"column":13}},"172":{"start":{"line":173,"column":0},"end":{"line":173,"column":13}},"173":{"start":{"line":174,"column":0},"end":{"line":174,"column":53}},"174":{"start":{"line":175,"column":0},"end":{"line":175,"column":14}},"175":{"start":{"line":176,"column":0},"end":{"line":176,"column":47}},"176":{"start":{"line":177,"column":0},"end":{"line":177,"column":54}},"177":{"start":{"line":178,"column":0},"end":{"line":178,"column":52}},"178":{"start":{"line":179,"column":0},"end":{"line":179,"column":55}},"179":{"start":{"line":180,"column":0},"end":{"line":180,"column":63}},"180":{"start":{"line":181,"column":0},"end":{"line":181,"column":48}},"181":{"start":{"line":182,"column":0},"end":{"line":182,"column":45}},"182":{"start":{"line":183,"column":0},"end":{"line":183,"column":51}},"183":{"start":{"line":184,"column":0},"end":{"line":184,"column":58}},"184":{"start":{"line":185,"column":0},"end":{"line":185,"column":15}},"185":{"start":{"line":186,"column":0},"end":{"line":186,"column":0}},"186":{"start":{"line":187,"column":0},"end":{"line":187,"column":31}},"187":{"start":{"line":188,"column":0},"end":{"line":188,"column":13}},"188":{"start":{"line":189,"column":0},"end":{"line":189,"column":14}},"189":{"start":{"line":190,"column":0},"end":{"line":190,"column":79}},"190":{"start":{"line":191,"column":0},"end":{"line":191,"column":15}},"191":{"start":{"line":192,"column":0},"end":{"line":192,"column":13}},"192":{"start":{"line":193,"column":0},"end":{"line":193,"column":13}},"193":{"start":{"line":194,"column":0},"end":{"line":194,"column":14}},"194":{"start":{"line":195,"column":0},"end":{"line":195,"column":122}},"195":{"start":{"line":196,"column":0},"end":{"line":196,"column":15}},"196":{"start":{"line":197,"column":0},"end":{"line":197,"column":13}},"197":{"start":{"line":198,"column":0},"end":{"line":198,"column":13}},"198":{"start":{"line":199,"column":0},"end":{"line":199,"column":14}},"199":{"start":{"line":200,"column":0},"end":{"line":200,"column":101}},"200":{"start":{"line":201,"column":0},"end":{"line":201,"column":15}},"201":{"start":{"line":202,"column":0},"end":{"line":202,"column":13}},"202":{"start":{"line":203,"column":0},"end":{"line":203,"column":13}},"203":{"start":{"line":204,"column":0},"end":{"line":204,"column":14}},"204":{"start":{"line":205,"column":0},"end":{"line":205,"column":314}},"205":{"start":{"line":206,"column":0},"end":{"line":206,"column":15}},"206":{"start":{"line":207,"column":0},"end":{"line":207,"column":13}},"207":{"start":{"line":208,"column":0},"end":{"line":208,"column":13}},"208":{"start":{"line":209,"column":0},"end":{"line":209,"column":14}},"209":{"start":{"line":210,"column":0},"end":{"line":210,"column":234}},"210":{"start":{"line":211,"column":0},"end":{"line":211,"column":15}},"211":{"start":{"line":212,"column":0},"end":{"line":212,"column":13}},"212":{"start":{"line":213,"column":0},"end":{"line":213,"column":13}},"213":{"start":{"line":214,"column":0},"end":{"line":214,"column":14}},"214":{"start":{"line":215,"column":0},"end":{"line":215,"column":386}},"215":{"start":{"line":216,"column":0},"end":{"line":216,"column":15}},"216":{"start":{"line":217,"column":0},"end":{"line":217,"column":13}},"217":{"start":{"line":218,"column":0},"end":{"line":218,"column":13}},"218":{"start":{"line":219,"column":0},"end":{"line":219,"column":14}},"219":{"start":{"line":220,"column":0},"end":{"line":220,"column":286}},"220":{"start":{"line":221,"column":0},"end":{"line":221,"column":15}},"221":{"start":{"line":222,"column":0},"end":{"line":222,"column":13}},"222":{"start":{"line":223,"column":0},"end":{"line":223,"column":13}},"223":{"start":{"line":224,"column":0},"end":{"line":224,"column":37}},"224":{"start":{"line":225,"column":0},"end":{"line":225,"column":13}},"225":{"start":{"line":226,"column":0},"end":{"line":226,"column":14}},"226":{"start":{"line":227,"column":0},"end":{"line":227,"column":210}},"227":{"start":{"line":228,"column":0},"end":{"line":228,"column":15}},"228":{"start":{"line":229,"column":0},"end":{"line":229,"column":13}},"229":{"start":{"line":230,"column":0},"end":{"line":230,"column":13}},"230":{"start":{"line":231,"column":0},"end":{"line":231,"column":14}},"231":{"start":{"line":232,"column":0},"end":{"line":232,"column":188}},"232":{"start":{"line":233,"column":0},"end":{"line":233,"column":15}},"233":{"start":{"line":234,"column":0},"end":{"line":234,"column":13}},"234":{"start":{"line":235,"column":0},"end":{"line":235,"column":13}},"235":{"start":{"line":236,"column":0},"end":{"line":236,"column":14}},"236":{"start":{"line":237,"column":0},"end":{"line":237,"column":65}},"237":{"start":{"line":238,"column":0},"end":{"line":238,"column":88}},"238":{"start":{"line":239,"column":0},"end":{"line":239,"column":15}},"239":{"start":{"line":240,"column":0},"end":{"line":240,"column":13}},"240":{"start":{"line":241,"column":0},"end":{"line":241,"column":13}},"241":{"start":{"line":242,"column":0},"end":{"line":242,"column":14}},"242":{"start":{"line":243,"column":0},"end":{"line":243,"column":108}},"243":{"start":{"line":244,"column":0},"end":{"line":244,"column":15}},"244":{"start":{"line":245,"column":0},"end":{"line":245,"column":13}},"245":{"start":{"line":246,"column":0},"end":{"line":246,"column":13}},"246":{"start":{"line":247,"column":0},"end":{"line":247,"column":0}},"247":{"start":{"line":248,"column":0},"end":{"line":248,"column":55}},"248":{"start":{"line":249,"column":0},"end":{"line":249,"column":14}},"249":{"start":{"line":250,"column":0},"end":{"line":250,"column":117}},"250":{"start":{"line":251,"column":0},"end":{"line":251,"column":15}},"251":{"start":{"line":252,"column":0},"end":{"line":252,"column":13}},"252":{"start":{"line":253,"column":0},"end":{"line":253,"column":13}},"253":{"start":{"line":254,"column":0},"end":{"line":254,"column":14}},"254":{"start":{"line":255,"column":0},"end":{"line":255,"column":94}},"255":{"start":{"line":256,"column":0},"end":{"line":256,"column":15}},"256":{"start":{"line":257,"column":0},"end":{"line":257,"column":13}},"257":{"start":{"line":258,"column":0},"end":{"line":258,"column":13}},"258":{"start":{"line":259,"column":0},"end":{"line":259,"column":14}},"259":{"start":{"line":260,"column":0},"end":{"line":260,"column":110}},"260":{"start":{"line":261,"column":0},"end":{"line":261,"column":15}},"261":{"start":{"line":262,"column":0},"end":{"line":262,"column":13}},"262":{"start":{"line":263,"column":0},"end":{"line":263,"column":13}},"263":{"start":{"line":264,"column":0},"end":{"line":264,"column":14}},"264":{"start":{"line":265,"column":0},"end":{"line":265,"column":264}},"265":{"start":{"line":266,"column":0},"end":{"line":266,"column":15}},"266":{"start":{"line":267,"column":0},"end":{"line":267,"column":13}},"267":{"start":{"line":268,"column":0},"end":{"line":268,"column":13}},"268":{"start":{"line":269,"column":0},"end":{"line":269,"column":33}},"269":{"start":{"line":270,"column":0},"end":{"line":270,"column":13}},"270":{"start":{"line":271,"column":0},"end":{"line":271,"column":14}},"271":{"start":{"line":272,"column":0},"end":{"line":272,"column":251}},"272":{"start":{"line":273,"column":0},"end":{"line":273,"column":15}},"273":{"start":{"line":274,"column":0},"end":{"line":274,"column":13}},"274":{"start":{"line":275,"column":0},"end":{"line":275,"column":13}},"275":{"start":{"line":276,"column":0},"end":{"line":276,"column":14}},"276":{"start":{"line":277,"column":0},"end":{"line":277,"column":61}},"277":{"start":{"line":278,"column":0},"end":{"line":278,"column":227}},"278":{"start":{"line":279,"column":0},"end":{"line":279,"column":15}},"279":{"start":{"line":280,"column":0},"end":{"line":280,"column":13}},"280":{"start":{"line":281,"column":0},"end":{"line":281,"column":13}},"281":{"start":{"line":282,"column":0},"end":{"line":282,"column":36}},"282":{"start":{"line":283,"column":0},"end":{"line":283,"column":13}},"283":{"start":{"line":284,"column":0},"end":{"line":284,"column":14}},"284":{"start":{"line":285,"column":0},"end":{"line":285,"column":209}},"285":{"start":{"line":286,"column":0},"end":{"line":286,"column":15}},"286":{"start":{"line":287,"column":0},"end":{"line":287,"column":13}},"287":{"start":{"line":288,"column":0},"end":{"line":288,"column":13}},"288":{"start":{"line":289,"column":0},"end":{"line":289,"column":14}},"289":{"start":{"line":290,"column":0},"end":{"line":290,"column":220}},"290":{"start":{"line":291,"column":0},"end":{"line":291,"column":15}},"291":{"start":{"line":292,"column":0},"end":{"line":292,"column":16}},"292":{"start":{"line":293,"column":0},"end":{"line":293,"column":14}},"293":{"start":{"line":294,"column":0},"end":{"line":294,"column":13}},"294":{"start":{"line":295,"column":0},"end":{"line":295,"column":14}},"295":{"start":{"line":296,"column":0},"end":{"line":296,"column":152}},"296":{"start":{"line":297,"column":0},"end":{"line":297,"column":7}},"297":{"start":{"line":298,"column":0},"end":{"line":298,"column":80}},"298":{"start":{"line":299,"column":0},"end":{"line":299,"column":11}},"299":{"start":{"line":300,"column":0},"end":{"line":300,"column":11}},"300":{"start":{"line":301,"column":0},"end":{"line":301,"column":27}},"301":{"start":{"line":302,"column":0},"end":{"line":302,"column":12}},"302":{"start":{"line":303,"column":0},"end":{"line":303,"column":155}},"303":{"start":{"line":304,"column":0},"end":{"line":304,"column":13}},"304":{"start":{"line":305,"column":0},"end":{"line":305,"column":11}},"305":{"start":{"line":306,"column":0},"end":{"line":306,"column":11}},"306":{"start":{"line":307,"column":0},"end":{"line":307,"column":31}},"307":{"start":{"line":308,"column":0},"end":{"line":308,"column":12}},"308":{"start":{"line":309,"column":0},"end":{"line":309,"column":158}},"309":{"start":{"line":310,"column":0},"end":{"line":310,"column":13}},"310":{"start":{"line":311,"column":0},"end":{"line":311,"column":11}},"311":{"start":{"line":312,"column":0},"end":{"line":312,"column":11}},"312":{"start":{"line":313,"column":0},"end":{"line":313,"column":12}},"313":{"start":{"line":314,"column":0},"end":{"line":314,"column":104}},"314":{"start":{"line":315,"column":0},"end":{"line":315,"column":13}},"315":{"start":{"line":316,"column":0},"end":{"line":316,"column":11}},"316":{"start":{"line":317,"column":0},"end":{"line":317,"column":11}},"317":{"start":{"line":318,"column":0},"end":{"line":318,"column":12}},"318":{"start":{"line":319,"column":0},"end":{"line":319,"column":510}},"319":{"start":{"line":320,"column":0},"end":{"line":320,"column":13}},"320":{"start":{"line":321,"column":0},"end":{"line":321,"column":11}},"321":{"start":{"line":322,"column":0},"end":{"line":322,"column":11}},"322":{"start":{"line":323,"column":0},"end":{"line":323,"column":12}},"323":{"start":{"line":324,"column":0},"end":{"line":324,"column":230}},"324":{"start":{"line":325,"column":0},"end":{"line":325,"column":13}},"325":{"start":{"line":326,"column":0},"end":{"line":326,"column":11}},"326":{"start":{"line":327,"column":0},"end":{"line":327,"column":11}},"327":{"start":{"line":328,"column":0},"end":{"line":328,"column":12}},"328":{"start":{"line":329,"column":0},"end":{"line":329,"column":322}},"329":{"start":{"line":330,"column":0},"end":{"line":330,"column":13}},"330":{"start":{"line":331,"column":0},"end":{"line":331,"column":11}},"331":{"start":{"line":332,"column":0},"end":{"line":332,"column":11}},"332":{"start":{"line":333,"column":0},"end":{"line":333,"column":12}},"333":{"start":{"line":334,"column":0},"end":{"line":334,"column":93}},"334":{"start":{"line":335,"column":0},"end":{"line":335,"column":13}},"335":{"start":{"line":336,"column":0},"end":{"line":336,"column":11}},"336":{"start":{"line":337,"column":0},"end":{"line":337,"column":31}},"337":{"start":{"line":338,"column":0},"end":{"line":338,"column":12}},"338":{"start":{"line":339,"column":0},"end":{"line":339,"column":85}},"339":{"start":{"line":340,"column":0},"end":{"line":340,"column":13}},"340":{"start":{"line":341,"column":0},"end":{"line":341,"column":11}},"341":{"start":{"line":342,"column":0},"end":{"line":342,"column":11}},"342":{"start":{"line":343,"column":0},"end":{"line":343,"column":12}},"343":{"start":{"line":344,"column":0},"end":{"line":344,"column":84}},"344":{"start":{"line":345,"column":0},"end":{"line":345,"column":13}},"345":{"start":{"line":346,"column":0},"end":{"line":346,"column":11}},"346":{"start":{"line":347,"column":0},"end":{"line":347,"column":11}},"347":{"start":{"line":348,"column":0},"end":{"line":348,"column":12}},"348":{"start":{"line":349,"column":0},"end":{"line":349,"column":267}},"349":{"start":{"line":350,"column":0},"end":{"line":350,"column":13}},"350":{"start":{"line":351,"column":0},"end":{"line":351,"column":11}},"351":{"start":{"line":352,"column":0},"end":{"line":352,"column":11}},"352":{"start":{"line":353,"column":0},"end":{"line":353,"column":12}},"353":{"start":{"line":354,"column":0},"end":{"line":354,"column":34}},"354":{"start":{"line":355,"column":0},"end":{"line":355,"column":13}},"355":{"start":{"line":356,"column":0},"end":{"line":356,"column":13}},"356":{"start":{"line":357,"column":0},"end":{"line":357,"column":48}},"357":{"start":{"line":358,"column":0},"end":{"line":358,"column":88}},"358":{"start":{"line":359,"column":0},"end":{"line":359,"column":13}},"359":{"start":{"line":360,"column":0},"end":{"line":360,"column":11}},"360":{"start":{"line":361,"column":0},"end":{"line":361,"column":11}},"361":{"start":{"line":362,"column":0},"end":{"line":362,"column":12}},"362":{"start":{"line":363,"column":0},"end":{"line":363,"column":34}},"363":{"start":{"line":364,"column":0},"end":{"line":364,"column":13}},"364":{"start":{"line":365,"column":0},"end":{"line":365,"column":13}},"365":{"start":{"line":366,"column":0},"end":{"line":366,"column":41}},"366":{"start":{"line":367,"column":0},"end":{"line":367,"column":86}},"367":{"start":{"line":368,"column":0},"end":{"line":368,"column":13}},"368":{"start":{"line":369,"column":0},"end":{"line":369,"column":11}},"369":{"start":{"line":370,"column":0},"end":{"line":370,"column":11}},"370":{"start":{"line":371,"column":0},"end":{"line":371,"column":12}},"371":{"start":{"line":372,"column":0},"end":{"line":372,"column":34}},"372":{"start":{"line":373,"column":0},"end":{"line":373,"column":13}},"373":{"start":{"line":374,"column":0},"end":{"line":374,"column":13}},"374":{"start":{"line":375,"column":0},"end":{"line":375,"column":43}},"375":{"start":{"line":376,"column":0},"end":{"line":376,"column":90}},"376":{"start":{"line":377,"column":0},"end":{"line":377,"column":13}},"377":{"start":{"line":378,"column":0},"end":{"line":378,"column":13}},"378":{"start":{"line":379,"column":0},"end":{"line":379,"column":13}},"379":{"start":{"line":380,"column":0},"end":{"line":380,"column":31}},"380":{"start":{"line":381,"column":0},"end":{"line":381,"column":12}},"381":{"start":{"line":382,"column":0},"end":{"line":382,"column":93}},"382":{"start":{"line":383,"column":0},"end":{"line":383,"column":13}},"383":{"start":{"line":384,"column":0},"end":{"line":384,"column":11}},"384":{"start":{"line":385,"column":0},"end":{"line":385,"column":11}},"385":{"start":{"line":386,"column":0},"end":{"line":386,"column":12}},"386":{"start":{"line":387,"column":0},"end":{"line":387,"column":112}},"387":{"start":{"line":388,"column":0},"end":{"line":388,"column":13}},"388":{"start":{"line":389,"column":0},"end":{"line":389,"column":11}},"389":{"start":{"line":390,"column":0},"end":{"line":390,"column":11}},"390":{"start":{"line":391,"column":0},"end":{"line":391,"column":0}},"391":{"start":{"line":392,"column":0},"end":{"line":392,"column":40}},"392":{"start":{"line":393,"column":0},"end":{"line":393,"column":12}},"393":{"start":{"line":394,"column":0},"end":{"line":394,"column":300}},"394":{"start":{"line":395,"column":0},"end":{"line":395,"column":0}},"395":{"start":{"line":396,"column":0},"end":{"line":396,"column":13}},"396":{"start":{"line":397,"column":0},"end":{"line":397,"column":12}},"397":{"start":{"line":398,"column":0},"end":{"line":398,"column":47}},"398":{"start":{"line":399,"column":0},"end":{"line":399,"column":12}},"399":{"start":{"line":400,"column":0},"end":{"line":400,"column":153}},"400":{"start":{"line":401,"column":0},"end":{"line":401,"column":13}},"401":{"start":{"line":402,"column":0},"end":{"line":402,"column":12}},"402":{"start":{"line":403,"column":0},"end":{"line":403,"column":77}},"403":{"start":{"line":404,"column":0},"end":{"line":404,"column":13}},"404":{"start":{"line":405,"column":0},"end":{"line":405,"column":11}},"405":{"start":{"line":406,"column":0},"end":{"line":406,"column":11}},"406":{"start":{"line":407,"column":0},"end":{"line":407,"column":12}},"407":{"start":{"line":408,"column":0},"end":{"line":408,"column":131}},"408":{"start":{"line":409,"column":0},"end":{"line":409,"column":13}},"409":{"start":{"line":410,"column":0},"end":{"line":410,"column":12}},"410":{"start":{"line":411,"column":0},"end":{"line":411,"column":12}},"411":{"start":{"line":412,"column":0},"end":{"line":412,"column":14}},"412":{"start":{"line":413,"column":0},"end":{"line":413,"column":12}},"413":{"start":{"line":414,"column":0},"end":{"line":414,"column":14}},"414":{"start":{"line":415,"column":0},"end":{"line":415,"column":12}},"415":{"start":{"line":416,"column":0},"end":{"line":416,"column":3}},"416":{"start":{"line":417,"column":0},"end":{"line":417,"column":2}},"417":{"start":{"line":418,"column":0},"end":{"line":418,"column":1}},"418":{"start":{"line":419,"column":0},"end":{"line":419,"column":0}},"419":{"start":{"line":420,"column":0},"end":{"line":420,"column":21}}},"s":{"0":1,"1":1,"2":1,"3":1,"4":3,"5":3,"6":3,"7":3,"8":3,"9":3,"10":3,"11":3,"12":3,"13":3,"14":3,"15":3,"16":3,"17":3,"18":3,"19":3,"20":3,"21":3,"22":3,"23":3,"24":3,"25":3,"26":3,"27":3,"28":3,"29":3,"30":3,"31":3,"32":3,"33":3,"34":3,"35":3,"36":3,"37":3,"38":3,"39":3,"40":3,"41":3,"42":3,"43":3,"44":3,"45":3,"46":3,"47":3,"48":3,"49":3,"50":3,"51":3,"52":3,"53":3,"54":3,"55":3,"56":3,"57":3,"58":3,"59":3,"60":3,"61":3,"62":3,"63":3,"64":3,"65":3,"66":3,"67":3,"68":3,"69":3,"70":3,"71":3,"72":3,"73":3,"74":3,"75":3,"76":3,"77":3,"78":3,"79":3,"80":3,"81":3,"82":3,"83":3,"84":3,"85":3,"86":3,"87":3,"88":3,"89":3,"90":3,"91":3,"92":3,"93":3,"94":3,"95":3,"96":3,"97":3,"98":3,"99":3,"100":3,"101":3,"102":3,"103":3,"104":3,"105":3,"106":3,"107":3,"108":3,"109":3,"110":3,"111":3,"112":3,"113":3,"114":3,"115":3,"116":3,"117":3,"118":3,"119":3,"120":3,"121":3,"122":3,"123":3,"124":3,"125":3,"126":3,"127":3,"128":3,"129":3,"130":3,"131":3,"132":3,"133":3,"134":3,"135":3,"136":3,"137":3,"138":3,"139":3,"140":3,"141":3,"142":3,"143":3,"144":3,"145":3,"146":3,"147":3,"148":3,"149":3,"150":3,"151":3,"152":3,"153":3,"154":3,"155":3,"156":3,"157":3,"158":3,"159":3,"160":3,"161":3,"162":3,"163":3,"164":3,"165":3,"166":3,"167":3,"168":3,"169":3,"170":3,"171":3,"172":3,"173":3,"174":3,"175":3,"176":3,"177":3,"178":3,"179":3,"180":3,"181":3,"182":3,"183":3,"184":3,"185":3,"186":3,"187":3,"188":3,"189":3,"190":3,"191":3,"192":3,"193":3,"194":3,"195":3,"196":3,"197":3,"198":3,"199":3,"200":3,"201":3,"202":3,"203":3,"204":3,"205":3,"206":3,"207":3,"208":3,"209":3,"210":3,"211":3,"212":3,"213":3,"214":3,"215":3,"216":3,"217":3,"218":3,"219":3,"220":3,"221":3,"222":3,"223":3,"224":3,"225":3,"226":3,"227":3,"228":3,"229":3,"230":3,"231":3,"232":3,"233":3,"234":3,"235":3,"236":3,"237":3,"238":3,"239":3,"240":3,"241":3,"242":3,"243":3,"244":3,"245":3,"246":3,"247":3,"248":3,"249":3,"250":3,"251":3,"252":3,"253":3,"254":3,"255":3,"256":3,"257":3,"258":3,"259":3,"260":3,"261":3,"262":3,"263":3,"264":3,"265":3,"266":3,"267":3,"268":3,"269":3,"270":3,"271":3,"272":3,"273":3,"274":3,"275":3,"276":3,"277":3,"278":3,"279":3,"280":3,"281":3,"282":3,"283":3,"284":3,"285":3,"286":3,"287":3,"288":3,"289":3,"290":3,"291":3,"292":3,"293":3,"294":3,"295":3,"296":3,"297":3,"298":3,"299":3,"300":3,"301":3,"302":3,"303":3,"304":3,"305":3,"306":3,"307":3,"308":3,"309":3,"310":3,"311":3,"312":3,"313":3,"314":3,"315":3,"316":3,"317":3,"318":3,"319":3,"320":3,"321":3,"322":3,"323":3,"324":3,"325":3,"326":3,"327":3,"328":3,"329":3,"330":3,"331":3,"332":3,"333":3,"334":3,"335":3,"336":3,"337":3,"338":3,"339":3,"340":3,"341":3,"342":3,"343":3,"344":3,"345":3,"346":3,"347":3,"348":3,"349":3,"350":3,"351":3,"352":3,"353":3,"354":3,"355":3,"356":3,"357":3,"358":3,"359":3,"360":3,"361":3,"362":3,"363":3,"364":3,"365":3,"366":3,"367":3,"368":3,"369":3,"370":3,"371":3,"372":3,"373":3,"374":3,"375":3,"376":3,"377":3,"378":3,"379":3,"380":3,"381":3,"382":3,"383":3,"384":3,"385":3,"386":3,"387":3,"388":3,"389":3,"390":3,"391":3,"392":3,"393":3,"394":3,"395":3,"396":3,"397":3,"398":3,"399":3,"400":3,"401":3,"402":3,"403":3,"404":3,"405":3,"406":3,"407":3,"408":3,"409":3,"410":3,"411":3,"412":3,"413":3,"414":3,"415":3,"416":3,"417":3,"418":1,"419":1},"branchMap":{"0":{"type":"branch","line":5,"loc":{"start":{"line":5,"column":0},"end":{"line":418,"column":1}},"locations":[{"start":{"line":5,"column":0},"end":{"line":418,"column":1}}]},"1":{"type":"branch","line":12,"loc":{"start":{"line":12,"column":17},"end":{"line":12,"column":37}},"locations":[{"start":{"line":12,"column":17},"end":{"line":12,"column":37}}]},"2":{"type":"branch","line":20,"loc":{"start":{"line":20,"column":15},"end":{"line":20,"column":69}},"locations":[{"start":{"line":20,"column":15},"end":{"line":20,"column":69}}]}},"b":{"0":[3],"1":[1],"2":[1]},"fnMap":{"0":{"name":"About","decl":{"start":{"line":5,"column":0},"end":{"line":418,"column":1}},"loc":{"start":{"line":5,"column":0},"end":{"line":418,"column":1}},"line":5},"1":{"name":"onClick","decl":{"start":{"line":12,"column":17},"end":{"line":12,"column":37}},"loc":{"start":{"line":12,"column":17},"end":{"line":12,"column":37}},"line":12},"2":{"name":"onClick","decl":{"start":{"line":20,"column":15},"end":{"line":20,"column":69}},"loc":{"start":{"line":20,"column":15},"end":{"line":20,"column":69}},"line":20}},"f":{"0":3,"1":1,"2":1}}
,"/home/bushido/Área de Trabalho/Simulado-processo-seletivo/simulado/src/components/about/Style.ts": {"path":"/home/bushido/Área de Trabalho/Simulado-processo-seletivo/simulado/src/components/about/Style.ts","all":false,"statementMap":{"0":{"start":{"line":1,"column":0},"end":{"line":1,"column":39}},"1":{"start":{"line":2,"column":0},"end":{"line":2,"column":0}},"2":{"start":{"line":3,"column":0},"end":{"line":3,"column":37}},"3":{"start":{"line":4,"column":0},"end":{"line":4,"column":22}},"4":{"start":{"line":5,"column":0},"end":{"line":5,"column":18}},"5":{"start":{"line":6,"column":0},"end":{"line":6,"column":15}},"6":{"start":{"line":7,"column":0},"end":{"line":7,"column":16}},"7":{"start":{"line":8,"column":0},"end":{"line":8,"column":25}},"8":{"start":{"line":9,"column":0},"end":{"line":9,"column":22}},"9":{"start":{"line":10,"column":0},"end":{"line":10,"column":13}},"10":{"start":{"line":11,"column":0},"end":{"line":11,"column":12}},"11":{"start":{"line":12,"column":0},"end":{"line":12,"column":2}},"12":{"start":{"line":13,"column":0},"end":{"line":13,"column":33}},"13":{"start":{"line":14,"column":0},"end":{"line":14,"column":14}},"14":{"start":{"line":15,"column":0},"end":{"line":15,"column":17}},"15":{"start":{"line":16,"column":0},"end":{"line":16,"column":12}},"16":{"start":{"line":17,"column":0},"end":{"line":17,"column":2}}},"s":{"0":1,"1":1,"2":1,"3":1,"4":1,"5":1,"6":1,"7":1,"8":1,"9":1,"10":1,"11":1,"12":1,"13":1,"14":1,"15":1,"16":1},"branchMap":{},"b":{},"fnMap":{},"f":{}}
,"/home/bushido/Área de Trabalho/Simulado-processo-seletivo/simulado/src/components/buttons/FooterFIlterBtn.tsx": {"path":"/home/bushido/Área de Trabalho/Simulado-processo-seletivo/simulado/src/components/buttons/FooterFIlterBtn.tsx","all":false,"statementMap":{"0":{"start":{"line":1,"column":0},"end":{"line":1,"column":50}},"1":{"start":{"line":2,"column":0},"end":{"line":2,"column":66}},"2":{"start":{"line":3,"column":0},"end":{"line":3,"column":42}},"3":{"start":{"line":4,"column":0},"end":{"line":4,"column":43}},"4":{"start":{"line":5,"column":0},"end":{"line":5,"column":0}},"5":{"start":{"line":6,"column":0},"end":{"line":6,"column":29}},"6":{"start":{"line":7,"column":0},"end":{"line":7,"column":33}},"7":{"start":{"line":8,"column":0},"end":{"line":8,"column":2}},"8":{"start":{"line":9,"column":0},"end":{"line":9,"column":10}},"9":{"start":{"line":10,"column":0},"end":{"line":10,"column":21}},"10":{"start":{"line":11,"column":0},"end":{"line":11,"column":60}},"11":{"start":{"line":12,"column":0},"end":{"line":12,"column":37}},"12":{"start":{"line":13,"column":0},"end":{"line":13,"column":5}},"13":{"start":{"line":14,"column":0},"end":{"line":14,"column":54}},"14":{"start":{"line":15,"column":0},"end":{"line":15,"column":23}},"15":{"start":{"line":16,"column":0},"end":{"line":16,"column":4}},"16":{"start":{"line":17,"column":0},"end":{"line":17,"column":1}},"17":{"start":{"line":18,"column":0},"end":{"line":18,"column":0}},"18":{"start":{"line":19,"column":0},"end":{"line":19,"column":31}}},"s":{"0":1,"1":1,"2":1,"3":1,"4":1,"5":44,"6":44,"7":44,"8":44,"9":44,"10":44,"11":44,"12":44,"13":44,"14":44,"15":44,"16":44,"17":1,"18":1},"branchMap":{"0":{"type":"branch","line":6,"loc":{"start":{"line":6,"column":0},"end":{"line":17,"column":1}},"locations":[{"start":{"line":6,"column":0},"end":{"line":17,"column":1}}]},"1":{"type":"branch","line":11,"loc":{"start":{"line":11,"column":16},"end":{"line":11,"column":60}},"locations":[{"start":{"line":11,"column":16},"end":{"line":11,"column":60}}]}},"b":{"0":[44],"1":[4]},"fnMap":{"0":{"name":"FooterFIlterBtn","decl":{"start":{"line":6,"column":0},"end":{"line":17,"column":1}},"loc":{"start":{"line":6,"column":0},"end":{"line":17,"column":1}},"line":6},"1":{"name":"onClick","decl":{"start":{"line":11,"column":16},"end":{"line":11,"column":60}},"loc":{"start":{"line":11,"column":16},"end":{"line":11,"column":60}},"line":11}},"f":{"0":44,"1":4}}
,"/home/bushido/Área de Trabalho/Simulado-processo-seletivo/simulado/src/components/buttons/Next.tsx": {"path":"/home/bushido/Área de Trabalho/Simulado-processo-seletivo/simulado/src/components/buttons/Next.tsx","all":false,"statementMap":{"0":{"start":{"line":1,"column":0},"end":{"line":1,"column":40}},"1":{"start":{"line":2,"column":0},"end":{"line":2,"column":42}},"2":{"start":{"line":3,"column":0},"end":{"line":3,"column":58}},"3":{"start":{"line":4,"column":0},"end":{"line":4,"column":42}},"4":{"start":{"line":5,"column":0},"end":{"line":5,"column":0}},"5":{"start":{"line":6,"column":0},"end":{"line":6,"column":60}},"6":{"start":{"line":7,"column":0},"end":{"line":7,"column":33}},"7":{"start":{"line":8,"column":0},"end":{"line":8,"column":0}},"8":{"start":{"line":9,"column":0},"end":{"line":9,"column":10}},"9":{"start":{"line":10,"column":0},"end":{"line":10,"column":20}},"10":{"start":{"line":11,"column":0},"end":{"line":11,"column":51}},"11":{"start":{"line":12,"column":0},"end":{"line":12,"column":36}},"12":{"start":{"line":13,"column":0},"end":{"line":13,"column":26}},"13":{"start":{"line":14,"column":0},"end":{"line":14,"column":28}},"14":{"start":{"line":15,"column":0},"end":{"line":15,"column":5}},"15":{"start":{"line":16,"column":0},"end":{"line":16,"column":13}},"16":{"start":{"line":17,"column":0},"end":{"line":17,"column":22}},"17":{"start":{"line":18,"column":0},"end":{"line":18,"column":4}},"18":{"start":{"line":19,"column":0},"end":{"line":19,"column":1}}},"s":{"0":1,"1":1,"2":1,"3":1,"4":1,"5":1,"6":44,"7":44,"8":44,"9":44,"10":44,"11":44,"12":44,"13":44,"14":44,"15":44,"16":44,"17":44,"18":44},"branchMap":{"0":{"type":"branch","line":6,"loc":{"start":{"line":6,"column":7},"end":{"line":19,"column":1}},"locations":[{"start":{"line":6,"column":7},"end":{"line":19,"column":1}}]}},"b":{"0":[44]},"fnMap":{"0":{"name":"NextBtn","decl":{"start":{"line":6,"column":7},"end":{"line":19,"column":1}},"loc":{"start":{"line":6,"column":7},"end":{"line":19,"column":1}},"line":6},"1":{"name":"onClick","decl":{"start":{"line":11,"column":16},"end":{"line":11,"column":51}},"loc":{"start":{"line":11,"column":16},"end":{"line":11,"column":51}},"line":11}},"f":{"0":44,"1":0}}
,"/home/bushido/Área de Trabalho/Simulado-processo-seletivo/simulado/src/components/buttons/Prev.tsx": {"path":"/home/bushido/Área de Trabalho/Simulado-processo-seletivo/simulado/src/components/buttons/Prev.tsx","all":false,"statementMap":{"0":{"start":{"line":1,"column":0},"end":{"line":1,"column":40}},"1":{"start":{"line":2,"column":0},"end":{"line":2,"column":42}},"2":{"start":{"line":3,"column":0},"end":{"line":3,"column":58}},"3":{"start":{"line":4,"column":0},"end":{"line":4,"column":42}},"4":{"start":{"line":5,"column":0},"end":{"line":5,"column":0}},"5":{"start":{"line":6,"column":0},"end":{"line":6,"column":48}},"6":{"start":{"line":7,"column":0},"end":{"line":7,"column":33}},"7":{"start":{"line":8,"column":0},"end":{"line":8,"column":2}},"8":{"start":{"line":9,"column":0},"end":{"line":9,"column":10}},"9":{"start":{"line":10,"column":0},"end":{"line":10,"column":22}},"10":{"start":{"line":11,"column":0},"end":{"line":11,"column":51}},"11":{"start":{"line":12,"column":0},"end":{"line":12,"column":27}},"12":{"start":{"line":13,"column":0},"end":{"line":13,"column":26}},"13":{"start":{"line":14,"column":0},"end":{"line":14,"column":28}},"14":{"start":{"line":15,"column":0},"end":{"line":15,"column":5}},"15":{"start":{"line":16,"column":0},"end":{"line":16,"column":13}},"16":{"start":{"line":17,"column":0},"end":{"line":17,"column":22}},"17":{"start":{"line":18,"column":0},"end":{"line":18,"column":4}},"18":{"start":{"line":19,"column":0},"end":{"line":19,"column":1}}},"s":{"0":1,"1":1,"2":1,"3":1,"4":1,"5":1,"6":44,"7":44,"8":44,"9":44,"10":44,"11":44,"12":44,"13":44,"14":44,"15":44,"16":44,"17":44,"18":44},"branchMap":{"0":{"type":"branch","line":6,"loc":{"start":{"line":6,"column":7},"end":{"line":19,"column":1}},"locations":[{"start":{"line":6,"column":7},"end":{"line":19,"column":1}}]}},"b":{"0":[44]},"fnMap":{"0":{"name":"PrevBtn","decl":{"start":{"line":6,"column":7},"end":{"line":19,"column":1}},"loc":{"start":{"line":6,"column":7},"end":{"line":19,"column":1}},"line":6},"1":{"name":"onClick","decl":{"start":{"line":11,"column":16},"end":{"line":11,"column":51}},"loc":{"start":{"line":11,"column":16},"end":{"line":11,"column":51}},"line":11}},"f":{"0":44,"1":0}}
,"/home/bushido/Área de Trabalho/Simulado-processo-seletivo/simulado/src/components/buttons/Style.ts": {"path":"/home/bushido/Área de Trabalho/Simulado-processo-seletivo/simulado/src/components/buttons/Style.ts","all":false,"statementMap":{"0":{"start":{"line":1,"column":0},"end":{"line":1,"column":39}},"1":{"start":{"line":2,"column":0},"end":{"line":2,"column":0}},"2":{"start":{"line":3,"column":0},"end":{"line":3,"column":45}},"3":{"start":{"line":4,"column":0},"end":{"line":4,"column":33}},"4":{"start":{"line":5,"column":0},"end":{"line":5,"column":16}},"5":{"start":{"line":6,"column":0},"end":{"line":6,"column":26}},"6":{"start":{"line":7,"column":0},"end":{"line":7,"column":22}},"7":{"start":{"line":8,"column":0},"end":{"line":8,"column":13}},"8":{"start":{"line":9,"column":0},"end":{"line":9,"column":17}},"9":{"start":{"line":10,"column":0},"end":{"line":10,"column":30}},"10":{"start":{"line":11,"column":0},"end":{"line":11,"column":18}},"11":{"start":{"line":12,"column":0},"end":{"line":12,"column":2}},"12":{"start":{"line":13,"column":0},"end":{"line":13,"column":46}},"13":{"start":{"line":14,"column":0},"end":{"line":14,"column":40}},"14":{"start":{"line":15,"column":0},"end":{"line":15,"column":16}},"15":{"start":{"line":16,"column":0},"end":{"line":16,"column":25}},"16":{"start":{"line":17,"column":0},"end":{"line":17,"column":22}},"17":{"start":{"line":18,"column":0},"end":{"line":18,"column":32}},"18":{"start":{"line":19,"column":0},"end":{"line":19,"column":18}},"19":{"start":{"line":20,"column":0},"end":{"line":20,"column":14}},"20":{"start":{"line":21,"column":0},"end":{"line":21,"column":11}},"21":{"start":{"line":22,"column":0},"end":{"line":22,"column":13}},"22":{"start":{"line":23,"column":0},"end":{"line":23,"column":15}},"23":{"start":{"line":24,"column":0},"end":{"line":24,"column":29}},"24":{"start":{"line":25,"column":0},"end":{"line":25,"column":14}},"25":{"start":{"line":26,"column":0},"end":{"line":26,"column":11}},"26":{"start":{"line":27,"column":0},"end":{"line":27,"column":0}},"27":{"start":{"line":28,"column":0},"end":{"line":28,"column":12}},"28":{"start":{"line":29,"column":0},"end":{"line":29,"column":37}},"29":{"start":{"line":30,"column":0},"end":{"line":30,"column":17}},"30":{"start":{"line":31,"column":0},"end":{"line":31,"column":18}},"31":{"start":{"line":32,"column":0},"end":{"line":32,"column":24}},"32":{"start":{"line":33,"column":0},"end":{"line":33,"column":29}},"33":{"start":{"line":34,"column":0},"end":{"line":34,"column":19}},"34":{"start":{"line":35,"column":0},"end":{"line":35,"column":25}},"35":{"start":{"line":36,"column":0},"end":{"line":36,"column":5}},"36":{"start":{"line":37,"column":0},"end":{"line":37,"column":2}},"37":{"start":{"line":38,"column":0},"end":{"line":38,"column":42}},"38":{"start":{"line":39,"column":0},"end":{"line":39,"column":16}},"39":{"start":{"line":40,"column":0},"end":{"line":40,"column":26}},"40":{"start":{"line":41,"column":0},"end":{"line":41,"column":22}},"41":{"start":{"line":42,"column":0},"end":{"line":42,"column":17}},"42":{"start":{"line":43,"column":0},"end":{"line":43,"column":33}},"43":{"start":{"line":44,"column":0},"end":{"line":44,"column":24}},"44":{"start":{"line":45,"column":0},"end":{"line":45,"column":14}},"45":{"start":{"line":46,"column":0},"end":{"line":46,"column":13}},"46":{"start":{"line":47,"column":0},"end":{"line":47,"column":21}},"47":{"start":{"line":48,"column":0},"end":{"line":48,"column":0}},"48":{"start":{"line":49,"column":0},"end":{"line":49,"column":8}},"49":{"start":{"line":50,"column":0},"end":{"line":50,"column":22}},"50":{"start":{"line":51,"column":0},"end":{"line":51,"column":5}},"51":{"start":{"line":52,"column":0},"end":{"line":52,"column":2}},"52":{"start":{"line":53,"column":0},"end":{"line":53,"column":43}},"53":{"start":{"line":54,"column":0},"end":{"line":54,"column":13}},"54":{"start":{"line":55,"column":0},"end":{"line":55,"column":33}},"55":{"start":{"line":56,"column":0},"end":{"line":56,"column":16}},"56":{"start":{"line":57,"column":0},"end":{"line":57,"column":26}},"57":{"start":{"line":58,"column":0},"end":{"line":58,"column":22}},"58":{"start":{"line":59,"column":0},"end":{"line":59,"column":30}},"59":{"start":{"line":60,"column":0},"end":{"line":60,"column":0}},"60":{"start":{"line":61,"column":0},"end":{"line":61,"column":9}},"61":{"start":{"line":62,"column":0},"end":{"line":62,"column":18}},"62":{"start":{"line":63,"column":0},"end":{"line":63,"column":19}},"63":{"start":{"line":64,"column":0},"end":{"line":64,"column":5}},"64":{"start":{"line":65,"column":0},"end":{"line":65,"column":2}},"65":{"start":{"line":66,"column":0},"end":{"line":66,"column":0}},"66":{"start":{"line":67,"column":0},"end":{"line":67,"column":42}},"67":{"start":{"line":68,"column":0},"end":{"line":68,"column":18}},"68":{"start":{"line":69,"column":0},"end":{"line":69,"column":19}},"69":{"start":{"line":70,"column":0},"end":{"line":70,"column":13}},"70":{"start":{"line":71,"column":0},"end":{"line":71,"column":15}},"71":{"start":{"line":72,"column":0},"end":{"line":72,"column":31}},"72":{"start":{"line":73,"column":0},"end":{"line":73,"column":28}},"73":{"start":{"line":74,"column":0},"end":{"line":74,"column":21}},"74":{"start":{"line":75,"column":0},"end":{"line":75,"column":45}},"75":{"start":{"line":76,"column":0},"end":{"line":76,"column":2}}},"s":{"0":1,"1":1,"2":1,"3":1,"4":1,"5":1,"6":1,"7":1,"8":1,"9":1,"10":1,"11":1,"12":1,"13":1,"14":1,"15":1,"16":1,"17":1,"18":1,"19":1,"20":1,"21":1,"22":1,"23":1,"24":1,"25":1,"26":1,"27":1,"28":1,"29":1,"30":1,"31":1,"32":1,"33":1,"34":1,"35":1,"36":1,"37":1,"38":1,"39":1,"40":1,"41":1,"42":1,"43":1,"44":1,"45":1,"46":1,"47":1,"48":1,"49":1,"50":1,"51":1,"52":1,"53":1,"54":1,"55":1,"56":1,"57":1,"58":1,"59":1,"60":1,"61":1,"62":1,"63":1,"64":1,"65":1,"66":1,"67":1,"68":1,"69":1,"70":1,"71":1,"72":1,"73":1,"74":1,"75":1},"branchMap":{},"b":{},"fnMap":{},"f":{}}
,"/home/bushido/Área de Trabalho/Simulado-processo-seletivo/simulado/src/components/buttons/TopFilterBtn.tsx": {"path":"/home/bushido/Área de Trabalho/Simulado-processo-seletivo/simulado/src/components/buttons/TopFilterBtn.tsx","all":false,"statementMap":{"0":{"start":{"line":1,"column":0},"end":{"line":1,"column":54}},"1":{"start":{"line":2,"column":0},"end":{"line":2,"column":99}},"2":{"start":{"line":3,"column":0},"end":{"line":3,"column":74}},"3":{"start":{"line":4,"column":0},"end":{"line":4,"column":41}},"4":{"start":{"line":5,"column":0},"end":{"line":5,"column":38}},"5":{"start":{"line":6,"column":0},"end":{"line":6,"column":33}},"6":{"start":{"line":7,"column":0},"end":{"line":7,"column":0}},"7":{"start":{"line":8,"column":0},"end":{"line":8,"column":23}},"8":{"start":{"line":9,"column":0},"end":{"line":9,"column":32}},"9":{"start":{"line":10,"column":0},"end":{"line":10,"column":106}},"10":{"start":{"line":11,"column":0},"end":{"line":11,"column":108}},"11":{"start":{"line":12,"column":0},"end":{"line":12,"column":0}},"12":{"start":{"line":13,"column":0},"end":{"line":13,"column":52}},"13":{"start":{"line":14,"column":0},"end":{"line":14,"column":14}},"14":{"start":{"line":15,"column":0},"end":{"line":15,"column":20}},"15":{"start":{"line":16,"column":0},"end":{"line":16,"column":3}},"16":{"start":{"line":17,"column":0},"end":{"line":17,"column":2}},"17":{"start":{"line":18,"column":0},"end":{"line":18,"column":10}},"18":{"start":{"line":19,"column":0},"end":{"line":19,"column":6}},"19":{"start":{"line":20,"column":0},"end":{"line":20,"column":19}},"20":{"start":{"line":21,"column":0},"end":{"line":21,"column":68}},"21":{"start":{"line":22,"column":0},"end":{"line":22,"column":64}},"22":{"start":{"line":23,"column":0},"end":{"line":23,"column":34}},"23":{"start":{"line":24,"column":0},"end":{"line":24,"column":7}},"24":{"start":{"line":25,"column":0},"end":{"line":25,"column":13}},"25":{"start":{"line":26,"column":0},"end":{"line":26,"column":21}},"26":{"start":{"line":27,"column":0},"end":{"line":27,"column":0}},"27":{"start":{"line":28,"column":0},"end":{"line":28,"column":19}},"28":{"start":{"line":29,"column":0},"end":{"line":29,"column":82}},"29":{"start":{"line":30,"column":0},"end":{"line":30,"column":66}},"30":{"start":{"line":31,"column":0},"end":{"line":31,"column":38}},"31":{"start":{"line":32,"column":0},"end":{"line":32,"column":7}},"32":{"start":{"line":33,"column":0},"end":{"line":33,"column":17}},"33":{"start":{"line":34,"column":0},"end":{"line":34,"column":21}},"34":{"start":{"line":35,"column":0},"end":{"line":35,"column":0}},"35":{"start":{"line":36,"column":0},"end":{"line":36,"column":19}},"36":{"start":{"line":37,"column":0},"end":{"line":37,"column":80}},"37":{"start":{"line":38,"column":0},"end":{"line":38,"column":64}},"38":{"start":{"line":39,"column":0},"end":{"line":39,"column":37}},"39":{"start":{"line":40,"column":0},"end":{"line":40,"column":7}},"40":{"start":{"line":41,"column":0},"end":{"line":41,"column":16}},"41":{"start":{"line":42,"column":0},"end":{"line":42,"column":21}},"42":{"start":{"line":43,"column":0},"end":{"line":43,"column":0}},"43":{"start":{"line":44,"column":0},"end":{"line":44,"column":20}},"44":{"start":{"line":45,"column":0},"end":{"line":45,"column":102}},"45":{"start":{"line":46,"column":0},"end":{"line":46,"column":70}},"46":{"start":{"line":47,"column":0},"end":{"line":47,"column":37}},"47":{"start":{"line":48,"column":0},"end":{"line":48,"column":7}},"48":{"start":{"line":49,"column":0},"end":{"line":49,"column":16}},"49":{"start":{"line":50,"column":0},"end":{"line":50,"column":21}},"50":{"start":{"line":51,"column":0},"end":{"line":51,"column":0}},"51":{"start":{"line":52,"column":0},"end":{"line":52,"column":19}},"52":{"start":{"line":53,"column":0},"end":{"line":53,"column":102}},"53":{"start":{"line":54,"column":0},"end":{"line":54,"column":70}},"54":{"start":{"line":55,"column":0},"end":{"line":55,"column":37}},"55":{"start":{"line":56,"column":0},"end":{"line":56,"column":7}},"56":{"start":{"line":57,"column":0},"end":{"line":57,"column":16}},"57":{"start":{"line":58,"column":0},"end":{"line":58,"column":21}},"58":{"start":{"line":59,"column":0},"end":{"line":59,"column":7}},"59":{"start":{"line":60,"column":0},"end":{"line":60,"column":3}},"60":{"start":{"line":61,"column":0},"end":{"line":61,"column":1}},"61":{"start":{"line":62,"column":0},"end":{"line":62,"column":0}},"62":{"start":{"line":63,"column":0},"end":{"line":63,"column":24}}},"s":{"0":1,"1":1,"2":1,"3":1,"4":1,"5":1,"6":1,"7":64,"8":64,"9":64,"10":64,"11":64,"12":64,"13":6,"14":6,"15":6,"16":64,"17":64,"18":64,"19":64,"20":64,"21":64,"22":64,"23":64,"24":64,"25":64,"26":64,"27":64,"28":64,"29":64,"30":64,"31":64,"32":64,"33":64,"34":64,"35":64,"36":64,"37":64,"38":64,"39":64,"40":64,"41":64,"42":64,"43":64,"44":64,"45":64,"46":64,"47":64,"48":64,"49":64,"50":64,"51":64,"52":64,"53":64,"54":64,"55":64,"56":64,"57":64,"58":64,"59":64,"60":64,"61":1,"62":1},"branchMap":{"0":{"type":"branch","line":8,"loc":{"start":{"line":8,"column":0},"end":{"line":61,"column":1}},"locations":[{"start":{"line":8,"column":0},"end":{"line":61,"column":1}}]},"1":{"type":"branch","line":21,"loc":{"start":{"line":21,"column":21},"end":{"line":21,"column":64}},"locations":[{"start":{"line":21,"column":21},"end":{"line":21,"column":64}}]},"2":{"type":"branch","line":21,"loc":{"start":{"line":21,"column":44},"end":{"line":21,"column":68}},"locations":[{"start":{"line":21,"column":44},"end":{"line":21,"column":68}}]},"3":{"type":"branch","line":29,"loc":{"start":{"line":29,"column":21},"end":{"line":29,"column":53}},"locations":[{"start":{"line":29,"column":21},"end":{"line":29,"column":53}}]},"4":{"type":"branch","line":29,"loc":{"start":{"line":29,"column":38},"end":{"line":29,"column":82}},"locations":[{"start":{"line":29,"column":38},"end":{"line":29,"column":82}}]},"5":{"type":"branch","line":37,"loc":{"start":{"line":37,"column":21},"end":{"line":37,"column":51}},"locations":[{"start":{"line":37,"column":21},"end":{"line":37,"column":51}}]},"6":{"type":"branch","line":37,"loc":{"start":{"line":37,"column":36},"end":{"line":37,"column":80}},"locations":[{"start":{"line":37,"column":36},"end":{"line":37,"column":80}}]},"7":{"type":"branch","line":45,"loc":{"start":{"line":45,"column":45},"end":{"line":45,"column":88}},"locations":[{"start":{"line":45,"column":45},"end":{"line":45,"column":88}}]},"8":{"type":"branch","line":45,"loc":{"start":{"line":45,"column":57},"end":{"line":45,"column":102}},"locations":[{"start":{"line":45,"column":57},"end":{"line":45,"column":102}}]},"9":{"type":"branch","line":53,"loc":{"start":{"line":53,"column":45},"end":{"line":53,"column":88}},"locations":[{"start":{"line":53,"column":45},"end":{"line":53,"column":88}}]},"10":{"type":"branch","line":53,"loc":{"start":{"line":53,"column":57},"end":{"line":53,"column":102}},"locations":[{"start":{"line":53,"column":57},"end":{"line":53,"column":102}}]},"11":{"type":"branch","line":10,"loc":{"start":{"line":10,"column":55},"end":{"line":10,"column":105}},"locations":[{"start":{"line":10,"column":55},"end":{"line":10,"column":105}}]},"12":{"type":"branch","line":11,"loc":{"start":{"line":11,"column":47},"end":{"line":11,"column":107}},"locations":[{"start":{"line":11,"column":47},"end":{"line":11,"column":107}}]},"13":{"type":"branch","line":13,"loc":{"start":{"line":13,"column":28},"end":{"line":16,"column":3}},"locations":[{"start":{"line":13,"column":28},"end":{"line":16,"column":3}}]},"14":{"type":"branch","line":22,"loc":{"start":{"line":22,"column":18},"end":{"line":22,"column":64}},"locations":[{"start":{"line":22,"column":18},"end":{"line":22,"column":64}}]},"15":{"type":"branch","line":30,"loc":{"start":{"line":30,"column":18},"end":{"line":30,"column":66}},"locations":[{"start":{"line":30,"column":18},"end":{"line":30,"column":66}}]},"16":{"type":"branch","line":38,"loc":{"start":{"line":38,"column":18},"end":{"line":38,"column":64}},"locations":[{"start":{"line":38,"column":18},"end":{"line":38,"column":64}}]},"17":{"type":"branch","line":46,"loc":{"start":{"line":46,"column":18},"end":{"line":46,"column":70}},"locations":[{"start":{"line":46,"column":18},"end":{"line":46,"column":70}}]},"18":{"type":"branch","line":54,"loc":{"start":{"line":54,"column":18},"end":{"line":54,"column":70}},"locations":[{"start":{"line":54,"column":18},"end":{"line":54,"column":70}}]}},"b":{"0":[64],"1":[54],"2":[10],"3":[63],"4":[1],"5":[55],"6":[9],"7":[4],"8":[60],"9":[6],"10":[58],"11":[100],"12":[100],"13":[6],"14":[1],"15":[2],"16":[1],"17":[1],"18":[1]},"fnMap":{"0":{"name":"TopFilter","decl":{"start":{"line":8,"column":0},"end":{"line":61,"column":1}},"loc":{"start":{"line":8,"column":0},"end":{"line":61,"column":1}},"line":8},"1":{"name":"handleButtonClick","decl":{"start":{"line":13,"column":28},"end":{"line":16,"column":3}},"loc":{"start":{"line":13,"column":28},"end":{"line":16,"column":3}},"line":13},"2":{"name":"onClick","decl":{"start":{"line":22,"column":18},"end":{"line":22,"column":64}},"loc":{"start":{"line":22,"column":18},"end":{"line":22,"column":64}},"line":22},"3":{"name":"onClick","decl":{"start":{"line":30,"column":18},"end":{"line":30,"column":66}},"loc":{"start":{"line":30,"column":18},"end":{"line":30,"column":66}},"line":30},"4":{"name":"onClick","decl":{"start":{"line":38,"column":18},"end":{"line":38,"column":64}},"loc":{"start":{"line":38,"column":18},"end":{"line":38,"column":64}},"line":38},"5":{"name":"onClick","decl":{"start":{"line":46,"column":18},"end":{"line":46,"column":70}},"loc":{"start":{"line":46,"column":18},"end":{"line":46,"column":70}},"line":46},"6":{"name":"onClick","decl":{"start":{"line":54,"column":18},"end":{"line":54,"column":70}},"loc":{"start":{"line":54,"column":18},"end":{"line":54,"column":70}},"line":54}},"f":{"0":64,"1":6,"2":1,"3":2,"4":1,"5":1,"6":1}}
,"/home/bushido/Área de Trabalho/Simulado-processo-seletivo/simulado/src/components/card/Card.tsx": {"path":"/home/bushido/Área de Trabalho/Simulado-processo-seletivo/simulado/src/components/card/Card.tsx","all":false,"statementMap":{"0":{"start":{"line":1,"column":0},"end":{"line":1,"column":55}},"1":{"start":{"line":2,"column":0},"end":{"line":2,"column":40}},"2":{"start":{"line":3,"column":0},"end":{"line":3,"column":58}},"3":{"start":{"line":4,"column":0},"end":{"line":4,"column":44}},"4":{"start":{"line":5,"column":0},"end":{"line":5,"column":39}},"5":{"start":{"line":6,"column":0},"end":{"line":6,"column":32}},"6":{"start":{"line":7,"column":0},"end":{"line":7,"column":96}},"7":{"start":{"line":8,"column":0},"end":{"line":8,"column":0}},"8":{"start":{"line":9,"column":0},"end":{"line":9,"column":31}},"9":{"start":{"line":10,"column":0},"end":{"line":10,"column":74}},"10":{"start":{"line":11,"column":0},"end":{"line":11,"column":2}},"11":{"start":{"line":12,"column":0},"end":{"line":12,"column":2}},"12":{"start":{"line":13,"column":0},"end":{"line":13,"column":63}},"13":{"start":{"line":14,"column":0},"end":{"line":14,"column":102}},"14":{"start":{"line":15,"column":0},"end":{"line":15,"column":81}},"15":{"start":{"line":16,"column":0},"end":{"line":16,"column":0}},"16":{"start":{"line":17,"column":0},"end":{"line":17,"column":45}},"17":{"start":{"line":18,"column":0},"end":{"line":18,"column":87}},"18":{"start":{"line":19,"column":0},"end":{"line":19,"column":0}},"19":{"start":{"line":20,"column":0},"end":{"line":20,"column":74}},"20":{"start":{"line":21,"column":0},"end":{"line":21,"column":0}},"21":{"start":{"line":22,"column":0},"end":{"line":22,"column":47}},"22":{"start":{"line":23,"column":0},"end":{"line":23,"column":38}},"23":{"start":{"line":24,"column":0},"end":{"line":24,"column":1}},"24":{"start":{"line":25,"column":0},"end":{"line":25,"column":10}},"25":{"start":{"line":26,"column":0},"end":{"line":26,"column":34}},"26":{"start":{"line":27,"column":0},"end":{"line":27,"column":14}},"27":{"start":{"line":28,"column":0},"end":{"line":28,"column":52}},"28":{"start":{"line":29,"column":0},"end":{"line":29,"column":31}},"29":{"start":{"line":30,"column":0},"end":{"line":30,"column":30}},"30":{"start":{"line":31,"column":0},"end":{"line":31,"column":8}},"31":{"start":{"line":32,"column":0},"end":{"line":32,"column":23}},"32":{"start":{"line":33,"column":0},"end":{"line":33,"column":6}},"33":{"start":{"line":34,"column":0},"end":{"line":34,"column":25}},"34":{"start":{"line":35,"column":0},"end":{"line":35,"column":35}},"35":{"start":{"line":36,"column":0},"end":{"line":36,"column":18}},"36":{"start":{"line":37,"column":0},"end":{"line":37,"column":0}},"37":{"start":{"line":38,"column":0},"end":{"line":38,"column":43}},"38":{"start":{"line":39,"column":0},"end":{"line":39,"column":24}},"39":{"start":{"line":40,"column":0},"end":{"line":40,"column":27}},"40":{"start":{"line":41,"column":0},"end":{"line":41,"column":15}},"41":{"start":{"line":42,"column":0},"end":{"line":42,"column":21}},"42":{"start":{"line":43,"column":0},"end":{"line":43,"column":0}},"43":{"start":{"line":44,"column":0},"end":{"line":44,"column":16}},"44":{"start":{"line":45,"column":0},"end":{"line":45,"column":13}},"45":{"start":{"line":46,"column":0},"end":{"line":46,"column":58}},"46":{"start":{"line":47,"column":0},"end":{"line":47,"column":14}},"47":{"start":{"line":48,"column":0},"end":{"line":48,"column":17}},"48":{"start":{"line":49,"column":0},"end":{"line":49,"column":0}},"49":{"start":{"line":50,"column":0},"end":{"line":50,"column":18}},"50":{"start":{"line":51,"column":0},"end":{"line":51,"column":30}},"51":{"start":{"line":52,"column":0},"end":{"line":52,"column":27}},"52":{"start":{"line":53,"column":0},"end":{"line":53,"column":25}},"53":{"start":{"line":54,"column":0},"end":{"line":54,"column":19}},"54":{"start":{"line":55,"column":0},"end":{"line":55,"column":0}},"55":{"start":{"line":56,"column":0},"end":{"line":56,"column":19}},"56":{"start":{"line":57,"column":0},"end":{"line":57,"column":4}},"57":{"start":{"line":58,"column":0},"end":{"line":58,"column":1}},"58":{"start":{"line":59,"column":0},"end":{"line":59,"column":0}},"59":{"start":{"line":60,"column":0},"end":{"line":60,"column":24}}},"s":{"0":1,"1":1,"2":1,"3":1,"4":1,"5":1,"6":1,"7":1,"8":12,"9":12,"10":12,"11":12,"12":12,"13":12,"14":12,"15":12,"16":12,"17":12,"18":12,"19":12,"20":12,"21":12,"22":12,"23":12,"24":12,"25":12,"26":12,"27":12,"28":12,"29":12,"30":12,"31":12,"32":12,"33":12,"34":12,"35":12,"36":12,"37":12,"38":12,"39":12,"40":12,"41":12,"42":12,"43":12,"44":12,"45":12,"46":12,"47":12,"48":12,"49":12,"50":12,"51":12,"52":12,"53":12,"54":12,"55":12,"56":12,"57":12,"58":1,"59":1},"branchMap":{"0":{"type":"branch","line":9,"loc":{"start":{"line":9,"column":0},"end":{"line":58,"column":1}},"locations":[{"start":{"line":9,"column":0},"end":{"line":58,"column":1}}]},"1":{"type":"branch","line":14,"loc":{"start":{"line":14,"column":29},"end":{"line":14,"column":101}},"locations":[{"start":{"line":14,"column":29},"end":{"line":14,"column":101}}]},"2":{"type":"branch","line":15,"loc":{"start":{"line":15,"column":27},"end":{"line":15,"column":81}},"locations":[{"start":{"line":15,"column":27},"end":{"line":15,"column":81}}]},"3":{"type":"branch","line":18,"loc":{"start":{"line":18,"column":24},"end":{"line":18,"column":87}},"locations":[{"start":{"line":18,"column":24},"end":{"line":18,"column":87}}]},"4":{"type":"branch","line":22,"loc":{"start":{"line":22,"column":23},"end":{"line":22,"column":47}},"locations":[{"start":{"line":22,"column":23},"end":{"line":22,"column":47}}]},"5":{"type":"branch","line":23,"loc":{"start":{"line":23,"column":17},"end":{"line":23,"column":37}},"locations":[{"start":{"line":23,"column":17},"end":{"line":23,"column":37}}]}},"b":{"0":[12],"1":[1],"2":[1],"3":[1],"4":[1],"5":[1]},"fnMap":{"0":{"name":"NewsCard","decl":{"start":{"line":9,"column":0},"end":{"line":58,"column":1}},"loc":{"start":{"line":9,"column":0},"end":{"line":58,"column":1}},"line":9}},"f":{"0":12}}
,"/home/bushido/Área de Trabalho/Simulado-processo-seletivo/simulado/src/components/card/Style.ts": {"path":"/home/bushido/Área de Trabalho/Simulado-processo-seletivo/simulado/src/components/card/Style.ts","all":false,"statementMap":{"0":{"start":{"line":1,"column":0},"end":{"line":1,"column":39}},"1":{"start":{"line":2,"column":0},"end":{"line":2,"column":0}},"2":{"start":{"line":3,"column":0},"end":{"line":3,"column":40}},"3":{"start":{"line":4,"column":0},"end":{"line":4,"column":16}},"4":{"start":{"line":5,"column":0},"end":{"line":5,"column":25}},"5":{"start":{"line":6,"column":0},"end":{"line":6,"column":22}},"6":{"start":{"line":7,"column":0},"end":{"line":7,"column":26}},"7":{"start":{"line":8,"column":0},"end":{"line":8,"column":15}},"8":{"start":{"line":9,"column":0},"end":{"line":9,"column":19}},"9":{"start":{"line":10,"column":0},"end":{"line":10,"column":23}},"10":{"start":{"line":11,"column":0},"end":{"line":11,"column":40}},"11":{"start":{"line":12,"column":0},"end":{"line":12,"column":13}},"12":{"start":{"line":13,"column":0},"end":{"line":13,"column":21}},"13":{"start":{"line":14,"column":0},"end":{"line":14,"column":12}},"14":{"start":{"line":15,"column":0},"end":{"line":15,"column":2}},"15":{"start":{"line":16,"column":0},"end":{"line":16,"column":36}},"16":{"start":{"line":17,"column":0},"end":{"line":17,"column":22}},"17":{"start":{"line":18,"column":0},"end":{"line":18,"column":16}},"18":{"start":{"line":19,"column":0},"end":{"line":19,"column":2}},"19":{"start":{"line":20,"column":0},"end":{"line":20,"column":35}},"20":{"start":{"line":21,"column":0},"end":{"line":21,"column":16}},"21":{"start":{"line":22,"column":0},"end":{"line":22,"column":26}},"22":{"start":{"line":23,"column":0},"end":{"line":23,"column":14}},"23":{"start":{"line":24,"column":0},"end":{"line":24,"column":15}},"24":{"start":{"line":25,"column":0},"end":{"line":25,"column":37}},"25":{"start":{"line":26,"column":0},"end":{"line":26,"column":2}},"26":{"start":{"line":27,"column":0},"end":{"line":27,"column":37}},"27":{"start":{"line":28,"column":0},"end":{"line":28,"column":16}},"28":{"start":{"line":29,"column":0},"end":{"line":29,"column":33}},"29":{"start":{"line":30,"column":0},"end":{"line":30,"column":22}},"30":{"start":{"line":31,"column":0},"end":{"line":31,"column":15}},"31":{"start":{"line":32,"column":0},"end":{"line":32,"column":16}},"32":{"start":{"line":33,"column":0},"end":{"line":33,"column":19}},"33":{"start":{"line":34,"column":0},"end":{"line":34,"column":13}},"34":{"start":{"line":35,"column":0},"end":{"line":35,"column":2}},"35":{"start":{"line":36,"column":0},"end":{"line":36,"column":39}},"36":{"start":{"line":37,"column":0},"end":{"line":37,"column":16}},"37":{"start":{"line":38,"column":0},"end":{"line":38,"column":26}},"38":{"start":{"line":39,"column":0},"end":{"line":39,"column":22}},"39":{"start":{"line":40,"column":0},"end":{"line":40,"column":37}},"40":{"start":{"line":41,"column":0},"end":{"line":41,"column":18}},"41":{"start":{"line":42,"column":0},"end":{"line":42,"column":19}},"42":{"start":{"line":43,"column":0},"end":{"line":43,"column":15}},"43":{"start":{"line":44,"column":0},"end":{"line":44,"column":15}},"44":{"start":{"line":45,"column":0},"end":{"line":45,"column":0}},"45":{"start":{"line":46,"column":0},"end":{"line":46,"column":7}},"46":{"start":{"line":47,"column":0},"end":{"line":47,"column":26}},"47":{"start":{"line":48,"column":0},"end":{"line":48,"column":5}},"48":{"start":{"line":49,"column":0},"end":{"line":49,"column":2}},"49":{"start":{"line":50,"column":0},"end":{"line":50,"column":34}},"50":{"start":{"line":51,"column":0},"end":{"line":51,"column":14}},"51":{"start":{"line":52,"column":0},"end":{"line":52,"column":16}},"52":{"start":{"line":53,"column":0},"end":{"line":53,"column":20}},"53":{"start":{"line":54,"column":0},"end":{"line":54,"column":2}}},"s":{"0":1,"1":1,"2":1,"3":1,"4":1,"5":1,"6":1,"7":1,"8":1,"9":1,"10":1,"11":1,"12":1,"13":1,"14":1,"15":1,"16":1,"17":1,"18":1,"19":1,"20":1,"21":1,"22":1,"23":1,"24":1,"25":1,"26":1,"27":1,"28":1,"29":1,"30":1,"31":1,"32":1,"33":1,"34":1,"35":1,"36":1,"37":1,"38":1,"39":1,"40":1,"41":1,"42":1,"43":1,"44":1,"45":1,"46":1,"47":1,"48":1,"49":1,"50":1,"51":1,"52":1,"53":1},"branchMap":{},"b":{},"fnMap":{},"f":{}}
,"/home/bushido/Área de Trabalho/Simulado-processo-seletivo/simulado/src/components/contact/Contact.tsx": {"path":"/home/bushido/Área de Trabalho/Simulado-processo-seletivo/simulado/src/components/contact/Contact.tsx","all":false,"statementMap":{"0":{"start":{"line":1,"column":0},"end":{"line":1,"column":47}},"1":{"start":{"line":2,"column":0},"end":{"line":2,"column":0}},"2":{"start":{"line":3,"column":0},"end":{"line":3,"column":20}},"3":{"start":{"line":4,"column":0},"end":{"line":4,"column":33}},"4":{"start":{"line":5,"column":0},"end":{"line":5,"column":2}},"5":{"start":{"line":6,"column":0},"end":{"line":6,"column":10}},"6":{"start":{"line":7,"column":0},"end":{"line":7,"column":58}},"7":{"start":{"line":8,"column":0},"end":{"line":8,"column":15}},"8":{"start":{"line":9,"column":0},"end":{"line":9,"column":72}},"9":{"start":{"line":10,"column":0},"end":{"line":10,"column":14}},"10":{"start":{"line":11,"column":0},"end":{"line":11,"column":68}},"11":{"start":{"line":12,"column":0},"end":{"line":12,"column":15}},"12":{"start":{"line":13,"column":0},"end":{"line":13,"column":13}},"13":{"start":{"line":14,"column":0},"end":{"line":14,"column":14}},"14":{"start":{"line":15,"column":0},"end":{"line":15,"column":16}},"15":{"start":{"line":16,"column":0},"end":{"line":16,"column":17}},"16":{"start":{"line":17,"column":0},"end":{"line":17,"column":70}},"17":{"start":{"line":18,"column":0},"end":{"line":18,"column":31}},"18":{"start":{"line":19,"column":0},"end":{"line":19,"column":32}},"19":{"start":{"line":20,"column":0},"end":{"line":20,"column":15}},"20":{"start":{"line":21,"column":0},"end":{"line":21,"column":33}},"21":{"start":{"line":22,"column":0},"end":{"line":22,"column":18}},"22":{"start":{"line":23,"column":0},"end":{"line":23,"column":17}},"23":{"start":{"line":24,"column":0},"end":{"line":24,"column":16}},"24":{"start":{"line":25,"column":0},"end":{"line":25,"column":17}},"25":{"start":{"line":26,"column":0},"end":{"line":26,"column":59}},"26":{"start":{"line":27,"column":0},"end":{"line":27,"column":31}},"27":{"start":{"line":28,"column":0},"end":{"line":28,"column":32}},"28":{"start":{"line":29,"column":0},"end":{"line":29,"column":15}},"29":{"start":{"line":30,"column":0},"end":{"line":30,"column":31}},"30":{"start":{"line":31,"column":0},"end":{"line":31,"column":18}},"31":{"start":{"line":32,"column":0},"end":{"line":32,"column":17}},"32":{"start":{"line":33,"column":0},"end":{"line":33,"column":16}},"33":{"start":{"line":34,"column":0},"end":{"line":34,"column":17}},"34":{"start":{"line":35,"column":0},"end":{"line":35,"column":65}},"35":{"start":{"line":36,"column":0},"end":{"line":36,"column":31}},"36":{"start":{"line":37,"column":0},"end":{"line":37,"column":32}},"37":{"start":{"line":38,"column":0},"end":{"line":38,"column":15}},"38":{"start":{"line":39,"column":0},"end":{"line":39,"column":33}},"39":{"start":{"line":40,"column":0},"end":{"line":40,"column":18}},"40":{"start":{"line":41,"column":0},"end":{"line":41,"column":17}},"41":{"start":{"line":42,"column":0},"end":{"line":42,"column":16}},"42":{"start":{"line":43,"column":0},"end":{"line":43,"column":17}},"43":{"start":{"line":44,"column":0},"end":{"line":44,"column":63}},"44":{"start":{"line":45,"column":0},"end":{"line":45,"column":31}},"45":{"start":{"line":46,"column":0},"end":{"line":46,"column":15}},"46":{"start":{"line":47,"column":0},"end":{"line":47,"column":34}},"47":{"start":{"line":48,"column":0},"end":{"line":48,"column":20}},"48":{"start":{"line":49,"column":0},"end":{"line":49,"column":17}},"49":{"start":{"line":50,"column":0},"end":{"line":50,"column":15}},"50":{"start":{"line":51,"column":0},"end":{"line":51,"column":40}},"51":{"start":{"line":52,"column":0},"end":{"line":52,"column":71}},"52":{"start":{"line":53,"column":0},"end":{"line":53,"column":16}},"53":{"start":{"line":54,"column":0},"end":{"line":54,"column":11}},"54":{"start":{"line":55,"column":0},"end":{"line":55,"column":35}},"55":{"start":{"line":56,"column":0},"end":{"line":56,"column":47}},"56":{"start":{"line":57,"column":0},"end":{"line":57,"column":26}},"57":{"start":{"line":58,"column":0},"end":{"line":58,"column":28}},"58":{"start":{"line":59,"column":0},"end":{"line":59,"column":5}},"59":{"start":{"line":60,"column":0},"end":{"line":60,"column":12}},"60":{"start":{"line":61,"column":0},"end":{"line":61,"column":13}},"61":{"start":{"line":62,"column":0},"end":{"line":62,"column":11}},"62":{"start":{"line":63,"column":0},"end":{"line":63,"column":4}},"63":{"start":{"line":64,"column":0},"end":{"line":64,"column":1}},"64":{"start":{"line":65,"column":0},"end":{"line":65,"column":0}},"65":{"start":{"line":66,"column":0},"end":{"line":66,"column":23}}},"s":{"0":1,"1":1,"2":2,"3":2,"4":2,"5":2,"6":2,"7":2,"8":2,"9":2,"10":2,"11":2,"12":2,"13":2,"14":2,"15":2,"16":2,"17":2,"18":2,"19":2,"20":2,"21":2,"22":2,"23":2,"24":2,"25":2,"26":2,"27":2,"28":2,"29":2,"30":2,"31":2,"32":2,"33":2,"34":2,"35":2,"36":2,"37":2,"38":2,"39":2,"40":2,"41":2,"42":2,"43":2,"44":2,"45":2,"46":2,"47":2,"48":2,"49":2,"50":2,"51":2,"52":2,"53":2,"54":2,"55":2,"56":2,"57":2,"58":2,"59":2,"60":2,"61":2,"62":2,"63":2,"64":1,"65":1},"branchMap":{"0":{"type":"branch","line":3,"loc":{"start":{"line":3,"column":0},"end":{"line":64,"column":1}},"locations":[{"start":{"line":3,"column":0},"end":{"line":64,"column":1}}]},"1":{"type":"branch","line":55,"loc":{"start":{"line":55,"column":15},"end":{"line":55,"column":35}},"locations":[{"start":{"line":55,"column":15},"end":{"line":55,"column":35}}]}},"b":{"0":[2],"1":[1]},"fnMap":{"0":{"name":"Contact","decl":{"start":{"line":3,"column":0},"end":{"line":64,"column":1}},"loc":{"start":{"line":3,"column":0},"end":{"line":64,"column":1}},"line":3},"1":{"name":"onClick","decl":{"start":{"line":55,"column":15},"end":{"line":55,"column":35}},"loc":{"start":{"line":55,"column":15},"end":{"line":55,"column":35}},"line":55}},"f":{"0":2,"1":1}}
,"/home/bushido/Área de Trabalho/Simulado-processo-seletivo/simulado/src/components/dateTime/DateTImeDIsplay.tsx": {"path":"/home/bushido/Área de Trabalho/Simulado-processo-seletivo/simulado/src/components/dateTime/DateTImeDIsplay.tsx","all":false,"statementMap":{"0":{"start":{"line":1,"column":0},"end":{"line":1,"column":28}},"1":{"start":{"line":2,"column":0},"end":{"line":2,"column":38}},"2":{"start":{"line":3,"column":0},"end":{"line":3,"column":0}},"3":{"start":{"line":4,"column":0},"end":{"line":4,"column":53}},"4":{"start":{"line":5,"column":0},"end":{"line":5,"column":115}},"5":{"start":{"line":6,"column":0},"end":{"line":6,"column":0}},"6":{"start":{"line":7,"column":0},"end":{"line":7,"column":71}},"7":{"start":{"line":8,"column":0},"end":{"line":8,"column":2}},"8":{"start":{"line":9,"column":0},"end":{"line":9,"column":22}},"9":{"start":{"line":10,"column":0},"end":{"line":10,"column":0}},"10":{"start":{"line":11,"column":0},"end":{"line":11,"column":27}},"11":{"start":{"line":12,"column":0},"end":{"line":12,"column":35}},"12":{"start":{"line":13,"column":0},"end":{"line":13,"column":35}},"13":{"start":{"line":14,"column":0},"end":{"line":14,"column":63}},"14":{"start":{"line":15,"column":0},"end":{"line":15,"column":10}},"15":{"start":{"line":16,"column":0},"end":{"line":16,"column":71}},"16":{"start":{"line":17,"column":0},"end":{"line":17,"column":0}},"17":{"start":{"line":18,"column":0},"end":{"line":18,"column":29}},"18":{"start":{"line":19,"column":0},"end":{"line":19,"column":62}},"19":{"start":{"line":20,"column":0},"end":{"line":20,"column":12}},"20":{"start":{"line":21,"column":0},"end":{"line":21,"column":77}},"21":{"start":{"line":22,"column":0},"end":{"line":22,"column":0}},"22":{"start":{"line":23,"column":0},"end":{"line":23,"column":33}},"23":{"start":{"line":24,"column":0},"end":{"line":24,"column":73}},"24":{"start":{"line":25,"column":0},"end":{"line":25,"column":14}},"25":{"start":{"line":26,"column":0},"end":{"line":26,"column":77}},"26":{"start":{"line":27,"column":0},"end":{"line":27,"column":8}},"27":{"start":{"line":28,"column":0},"end":{"line":28,"column":34}},"28":{"start":{"line":29,"column":0},"end":{"line":29,"column":71}},"29":{"start":{"line":30,"column":0},"end":{"line":30,"column":16}},"30":{"start":{"line":31,"column":0},"end":{"line":31,"column":77}},"31":{"start":{"line":32,"column":0},"end":{"line":32,"column":112}}
[...]
mn":0}},"67":{"start":{"line":68,"column":0},"end":{"line":68,"column":25}},"68":{"start":{"line":69,"column":0},"end":{"line":69,"column":0}},"69":{"start":{"line":70,"column":0},"end":{"line":70,"column":31}},"70":{"start":{"line":71,"column":0},"end":{"line":71,"column":57}},"71":{"start":{"line":72,"column":0},"end":{"line":72,"column":10}},"72":{"start":{"line":73,"column":0},"end":{"line":73,"column":58}},"73":{"start":{"line":74,"column":0},"end":{"line":74,"column":3}},"74":{"start":{"line":75,"column":0},"end":{"line":75,"column":1}},"75":{"start":{"line":76,"column":0},"end":{"line":76,"column":0}},"76":{"start":{"line":77,"column":0},"end":{"line":77,"column":0}},"77":{"start":{"line":78,"column":0},"end":{"line":78,"column":68}},"78":{"start":{"line":79,"column":0},"end":{"line":79,"column":113}},"79":{"start":{"line":80,"column":0},"end":{"line":80,"column":69}},"80":{"start":{"line":81,"column":0},"end":{"line":81,"column":24}},"81":{"start":{"line":82,"column":0},"end":{"line":82,"column":45}},"82":{"start":{"line":83,"column":0},"end":{"line":83,"column":5}},"83":{"start":{"line":84,"column":0},"end":{"line":84,"column":27}},"84":{"start":{"line":85,"column":0},"end":{"line":85,"column":46}},"85":{"start":{"line":86,"column":0},"end":{"line":86,"column":5}},"86":{"start":{"line":87,"column":0},"end":{"line":87,"column":21}},"87":{"start":{"line":88,"column":0},"end":{"line":88,"column":39}},"88":{"start":{"line":89,"column":0},"end":{"line":89,"column":5}},"89":{"start":{"line":90,"column":0},"end":{"line":90,"column":23}},"90":{"start":{"line":91,"column":0},"end":{"line":91,"column":42}},"91":{"start":{"line":92,"column":0},"end":{"line":92,"column":5}},"92":{"start":{"line":93,"column":0},"end":{"line":93,"column":25}},"93":{"start":{"line":94,"column":0},"end":{"line":94,"column":80}},"94":{"start":{"line":95,"column":0},"end":{"line":95,"column":38}},"95":{"start":{"line":96,"column":0},"end":{"line":96,"column":47}},"96":{"start":{"line":97,"column":0},"end":{"line":97,"column":20}},"97":{"start":{"line":98,"column":0},"end":{"line":98,"column":7}},"98":{"start":{"line":99,"column":0},"end":{"line":99,"column":44}},"99":{"start":{"line":100,"column":0},"end":{"line":100,"column":5}},"100":{"start":{"line":101,"column":0},"end":{"line":101,"column":23}},"101":{"start":{"line":102,"column":0},"end":{"line":102,"column":76}},"102":{"start":{"line":103,"column":0},"end":{"line":103,"column":36}},"103":{"start":{"line":104,"column":0},"end":{"line":104,"column":44}},"104":{"start":{"line":105,"column":0},"end":{"line":105,"column":20}},"105":{"start":{"line":106,"column":0},"end":{"line":106,"column":7}},"106":{"start":{"line":107,"column":0},"end":{"line":107,"column":42}},"107":{"start":{"line":108,"column":0},"end":{"line":108,"column":5}},"108":{"start":{"line":109,"column":0},"end":{"line":109,"column":16}},"109":{"start":{"line":110,"column":0},"end":{"line":110,"column":3}},"110":{"start":{"line":111,"column":0},"end":{"line":111,"column":4}},"111":{"start":{"line":112,"column":0},"end":{"line":112,"column":25}},"112":{"start":{"line":113,"column":0},"end":{"line":113,"column":1}},"113":{"start":{"line":114,"column":0},"end":{"line":114,"column":0}},"114":{"start":{"line":115,"column":0},"end":{"line":115,"column":0}},"115":{"start":{"line":116,"column":0},"end":{"line":116,"column":106}},"116":{"start":{"line":117,"column":0},"end":{"line":117,"column":70}},"117":{"start":{"line":118,"column":0},"end":{"line":118,"column":73}},"118":{"start":{"line":119,"column":0},"end":{"line":119,"column":66}},"119":{"start":{"line":120,"column":0},"end":{"line":120,"column":3}},"120":{"start":{"line":121,"column":0},"end":{"line":121,"column":37}},"121":{"start":{"line":122,"column":0},"end":{"line":122,"column":16}},"122":{"start":{"line":123,"column":0},"end":{"line":123,"column":28}},"123":{"start":{"line":124,"column":0},"end":{"line":124,"column":23}},"124":{"start":{"line":125,"column":0},"end":{"line":125,"column":35}},"125":{"start":{"line":126,"column":0},"end":{"line":126,"column":6}},"126":{"start":{"line":127,"column":0},"end":{"line":127,"column":13}},"127":{"start":{"line":128,"column":0},"end":{"line":128,"column":2}}},"s":{"0":1,"1":1,"2":1,"3":1,"4":1,"5":45,"6":45,"7":45,"8":38,"9":38,"10":45,"11":1,"12":1,"13":1,"14":39,"15":39,"16":39,"17":39,"18":39,"19":39,"20":1,"21":1,"22":1,"23":3,"24":3,"25":3,"26":1,"27":1,"28":1,"29":0,"30":0,"31":0,"32":0,"33":1,"34":1,"35":1,"36":1,"37":1,"38":1,"39":1,"40":1,"41":1,"42":19,"43":19,"44":19,"45":1,"46":1,"47":1,"48":0,"49":0,"50":1,"51":1,"52":1,"53":2,"54":2,"55":1,"56":1,"57":1,"58":1,"59":1,"60":1,"61":1,"62":1,"63":2,"64":2,"65":2,"66":2,"67":2,"68":2,"69":2,"70":2,"71":2,"72":0,"73":0,"74":2,"75":1,"76":1,"77":1,"78":19,"79":19,"80":18,"81":0,"82":0,"83":18,"84":0,"85":0,"86":18,"87":0,"88":0,"89":18,"90":0,"91":0,"92":18,"93":1,"94":1,"95":1,"96":1,"97":1,"98":0,"99":0,"100":18,"101":4,"102":4,"103":4,"104":4,"105":4,"106":0,"107":0,"108":13,"109":13,"110":19,"111":19,"112":19,"113":1,"114":1,"115":1,"116":19,"117":19,"118":0,"119":0,"120":18,"121":17,"122":17,"123":17,"124":17,"125":17,"126":18,"127":18},"branchMap":{"0":{"type":"branch","line":5,"loc":{"start":{"line":5,"column":7},"end":{"line":11,"column":1}},"locations":[{"start":{"line":5,"column":7},"end":{"line":11,"column":1}}]},"1":{"type":"branch","line":8,"loc":{"start":{"line":8,"column":21},"end":{"line":10,"column":5}},"locations":[{"start":{"line":8,"column":21},"end":{"line":10,"column":5}}]},"2":{"type":"branch","line":14,"loc":{"start":{"line":14,"column":7},"end":{"line":20,"column":1}},"locations":[{"start":{"line":14,"column":7},"end":{"line":20,"column":1}}]},"3":{"type":"branch","line":15,"loc":{"start":{"line":15,"column":45},"end":{"line":15,"column":59}},"locations":[{"start":{"line":15,"column":45},"end":{"line":15,"column":59}}]},"4":{"type":"branch","line":23,"loc":{"start":{"line":23,"column":7},"end":{"line":26,"column":1}},"locations":[{"start":{"line":23,"column":7},"end":{"line":26,"column":1}}]},"5":{"type":"branch","line":42,"loc":{"start":{"line":42,"column":7},"end":{"line":45,"column":1}},"locations":[{"start":{"line":42,"column":7},"end":{"line":45,"column":1}}]},"6":{"type":"branch","line":43,"loc":{"start":{"line":43,"column":38},"end":{"line":43,"column":88}},"locations":[{"start":{"line":43,"column":38},"end":{"line":43,"column":88}}]},"7":{"type":"branch","line":53,"loc":{"start":{"line":53,"column":7},"end":{"line":55,"column":1}},"locations":[{"start":{"line":53,"column":7},"end":{"line":55,"column":1}}]},"8":{"type":"branch","line":58,"loc":{"start":{"line":58,"column":7},"end":{"line":60,"column":1}},"locations":[{"start":{"line":58,"column":7},"end":{"line":60,"column":1}}]},"9":{"type":"branch","line":63,"loc":{"start":{"line":63,"column":7},"end":{"line":75,"column":1}},"locations":[{"start":{"line":63,"column":7},"end":{"line":75,"column":1}}]},"10":{"type":"branch","line":64,"loc":{"start":{"line":64,"column":48},"end":{"line":64,"column":86}},"locations":[{"start":{"line":64,"column":48},"end":{"line":64,"column":86}}]},"11":{"type":"branch","line":72,"loc":{"start":{"line":72,"column":2},"end":{"line":74,"column":3}},"locations":[{"start":{"line":72,"column":2},"end":{"line":74,"column":3}}]},"12":{"type":"branch","line":66,"loc":{"start":{"line":66,"column":36},"end":{"line":66,"column":60}},"locations":[{"start":{"line":66,"column":36},"end":{"line":66,"column":60}}]},"13":{"type":"branch","line":78,"loc":{"start":{"line":78,"column":23},"end":{"line":113,"column":1}},"locations":[{"start":{"line":78,"column":23},"end":{"line":113,"column":1}}]},"14":{"type":"branch","line":80,"loc":{"start":{"line":80,"column":47},"end":{"line":110,"column":3}},"locations":[{"start":{"line":80,"column":47},"end":{"line":110,"column":3}}]},"15":{"type":"branch","line":81,"loc":{"start":{"line":81,"column":23},"end":{"line":83,"column":5}},"locations":[{"start":{"line":81,"column":23},"end":{"line":83,"column":5}}]},"16":{"type":"branch","line":84,"loc":{"start":{"line":84,"column":26},"end":{"line":86,"column":5}},"locations":[{"start":{"line":84,"column":26},"end":{"line":86,"column":5}}]},"17":{"type":"branch","line":87,"loc":{"start":{"line":87,"column":20},"end":{"line":89,"column":5}},"locations":[{"start":{"line":87,"column":20},"end":{"line":89,"column":5}}]},"18":{"type":"branch","line":90,"loc":{"start":{"line":90,"column":22},"end":{"line":92,"column":5}},"locations":[{"start":{"line":90,"column":22},"end":{"line":92,"column":5}}]},"19":{"type":"branch","line":93,"loc":{"start":{"line":93,"column":24},"end":{"line":100,"column":5}},"locations":[{"start":{"line":93,"column":24},"end":{"line":100,"column":5}}]},"20":{"type":"branch","line":98,"loc":{"start":{"line":98,"column":6},"end":{"line":100,"column":5}},"locations":[{"start":{"line":98,"column":6},"end":{"line":100,"column":5}}]},"21":{"type":"branch","line":100,"loc":{"start":{"line":100,"column":4},"end":{"line":101,"column":22}},"locations":[{"start":{"line":100,"column":4},"end":{"line":101,"column":22}}]},"22":{"type":"branch","line":101,"loc":{"start":{"line":101,"column":22},"end":{"line":108,"column":5}},"locations":[{"start":{"line":101,"column":22},"end":{"line":108,"column":5}}]},"23":{"type":"branch","line":106,"loc":{"start":{"line":106,"column":6},"end":{"line":108,"column":5}},"locations":[{"start":{"line":106,"column":6},"end":{"line":108,"column":5}}]},"24":{"type":"branch","line":108,"loc":{"start":{"line":108,"column":4},"end":{"line":110,"column":3}},"locations":[{"start":{"line":108,"column":4},"end":{"line":110,"column":3}}]},"25":{"type":"branch","line":116,"loc":{"start":{"line":116,"column":29},"end":{"line":128,"column":2}},"locations":[{"start":{"line":116,"column":29},"end":{"line":128,"column":2}}]},"26":{"type":"branch","line":118,"loc":{"start":{"line":118,"column":20},"end":{"line":118,"column":72}},"locations":[{"start":{"line":118,"column":20},"end":{"line":118,"column":72}}]},"27":{"type":"branch","line":118,"loc":{"start":{"line":118,"column":72},"end":{"line":128,"column":2}},"locations":[{"start":{"line":118,"column":72},"end":{"line":128,"column":2}}]},"28":{"type":"branch","line":118,"loc":{"start":{"line":118,"column":72},"end":{"line":120,"column":3}},"locations":[{"start":{"line":118,"column":72},"end":{"line":120,"column":3}}]},"29":{"type":"branch","line":121,"loc":{"start":{"line":121,"column":10},"end":{"line":126,"column":6}},"locations":[{"start":{"line":121,"column":10},"end":{"line":126,"column":6}}]}},"b":{"0":[45],"1":[38],"2":[39],"3":[36],"4":[3],"5":[19],"6":[0],"7":[2],"8":[1],"9":[2],"10":[0],"11":[0],"12":[2],"13":[19],"14":[18],"15":[0],"16":[0],"17":[0],"18":[0],"19":[1],"20":[0],"21":[17],"22":[4],"23":[0],"24":[13],"25":[19],"26":[18],"27":[18],"28":[0],"29":[17]},"fnMap":{"0":{"name":"scrolTop","decl":{"start":{"line":5,"column":7},"end":{"line":11,"column":1}},"loc":{"start":{"line":5,"column":7},"end":{"line":11,"column":1}},"line":5},"1":{"name":"getFavoriteAndMarkedFromLocalStorage","decl":{"start":{"line":14,"column":7},"end":{"line":20,"column":1}},"loc":{"start":{"line":14,"column":7},"end":{"line":20,"column":1}},"line":14},"2":{"name":"setLocalStorage","decl":{"start":{"line":23,"column":7},"end":{"line":26,"column":1}},"loc":{"start":{"line":23,"column":7},"end":{"line":26,"column":1}},"line":23},"3":{"name":"removeFavoriteAndMarkedFromLocalStorage","decl":{"start":{"line":29,"column":7},"end":{"line":33,"column":1}},"loc":{"start":{"line":29,"column":7},"end":{"line":33,"column":1}},"line":29},"4":{"name":"getUserLocalStorage","decl":{"start":{"line":42,"column":7},"end":{"line":45,"column":1}},"loc":{"start":{"line":42,"column":7},"end":{"line":45,"column":1}},"line":42},"5":{"name":"setUserConnectedToLocalStorage","decl":{"start":{"line":48,"column":7},"end":{"line":50,"column":1}},"loc":{"start":{"line":48,"column":7},"end":{"line":50,"column":1}},"line":48},"6":{"name":"removeUserConnectedToLocalStorage","decl":{"start":{"line":53,"column":7},"end":{"line":55,"column":1}},"loc":{"start":{"line":53,"column":7},"end":{"line":55,"column":1}},"line":53},"7":{"name":"setNewUserToLocalStorage","decl":{"start":{"line":58,"column":7},"end":{"line":60,"column":1}},"loc":{"start":{"line":58,"column":7},"end":{"line":60,"column":1}},"line":58},"8":{"name":"removeUserLocalStorage","decl":{"start":{"line":63,"column":7},"end":{"line":75,"column":1}},"loc":{"start":{"line":63,"column":7},"end":{"line":75,"column":1}},"line":63},"9":{"name":"Filtros","decl":{"start":{"line":78,"column":23},"end":{"line":113,"column":1}},"loc":{"start":{"line":78,"column":23},"end":{"line":113,"column":1}},"line":78},"10":{"name":"handleApiData","decl":{"start":{"line":116,"column":29},"end":{"line":128,"column":2}},"loc":{"start":{"line":116,"column":29},"end":{"line":128,"column":2}},"line":116}},"f":{"0":45,"1":39,"2":3,"3":0,"4":19,"5":0,"6":2,"7":1,"8":2,"9":19,"10":19}}
,"/home/bushido/Área de Trabalho/Simulado-processo-seletivo/simulado/src/services/DataApi.ts": {"path":"/home/bushido/Área de Trabalho/Simulado-processo-seletivo/simulado/src/services/DataApi.ts","all":false,"statementMap":{"0":{"start":{"line":1,"column":0},"end":{"line":1,"column":0}},"1":{"start":{"line":2,"column":0},"end":{"line":2,"column":0}},"2":{"start":{"line":3,"column":0},"end":{"line":3,"column":24}},"3":{"start":{"line":4,"column":0},"end":{"line":4,"column":15}},"4":{"start":{"line":5,"column":0},"end":{"line":5,"column":15}},"5":{"start":{"line":6,"column":0},"end":{"line":6,"column":15}},"6":{"start":{"line":7,"column":0},"end":{"line":7,"column":17}},"7":{"start":{"line":8,"column":0},"end":{"line":8,"column":5}},"8":{"start":{"line":9,"column":0},"end":{"line":9,"column":90}},"9":{"start":{"line":10,"column":0},"end":{"line":10,"column":44}},"10":{"start":{"line":11,"column":0},"end":{"line":11,"column":58}},"11":{"start":{"line":12,"column":0},"end":{"line":12,"column":62}},"12":{"start":{"line":13,"column":0},"end":{"line":13,"column":7}},"13":{"start":{"line":14,"column":0},"end":{"line":14,"column":93}},"14":{"start":{"line":15,"column":0},"end":{"line":15,"column":39}},"15":{"start":{"line":16,"column":0},"end":{"line":16,"column":30}},"16":{"start":{"line":17,"column":0},"end":{"line":17,"column":16}},"17":{"start":{"line":18,"column":0},"end":{"line":18,"column":19}},"18":{"start":{"line":19,"column":0},"end":{"line":19,"column":31}},"19":{"start":{"line":20,"column":0},"end":{"line":20,"column":17}},"20":{"start":{"line":21,"column":0},"end":{"line":21,"column":3}},"21":{"start":{"line":22,"column":0},"end":{"line":22,"column":1}},"22":{"start":{"line":23,"column":0},"end":{"line":23,"column":0}},"23":{"start":{"line":24,"column":0},"end":{"line":24,"column":24}}},"s":{"0":1,"1":1,"2":25,"3":25,"4":25,"5":25,"6":25,"7":25,"8":25,"9":25,"10":25,"11":25,"12":25,"13":25,"14":18,"15":18,"16":18,"17":24,"18":1,"19":1,"20":1,"21":25,"22":1,"23":1},"branchMap":{"0":{"type":"branch","line":3,"loc":{"start":{"line":3,"column":0},"end":{"line":22,"column":1}},"locations":[{"start":{"line":3,"column":0},"end":{"line":22,"column":1}}]},"1":{"type":"branch","line":9,"loc":{"start":{"line":9,"column":25},"end":{"line":9,"column":66}},"locations":[{"start":{"line":9,"column":25},"end":{"line":9,"column":66}}]},"2":{"type":"branch","line":9,"loc":{"start":{"line":9,"column":66},"end":{"line":9,"column":90}},"locations":[{"start":{"line":9,"column":66},"end":{"line":9,"column":90}}]},"3":{"type":"branch","line":10,"loc":{"start":{"line":10,"column":21},"end":{"line":10,"column":38}},"locations":[{"start":{"line":10,"column":21},"end":{"line":10,"column":38}}]},"4":{"type":"branch","line":11,"loc":{"start":{"line":11,"column":24},"end":{"line":11,"column":52}},"locations":[{"start":{"line":11,"column":24},"end":{"line":11,"column":52}}]},"5":{"type":"branch","line":11,"loc":{"start":{"line":11,"column":52},"end":{"line":11,"column":58}},"locations":[{"start":{"line":11,"column":52},"end":{"line":11,"column":58}}]},"6":{"type":"branch","line":14,"loc":{"start":{"line":14,"column":91},"end":{"line":21,"column":3}},"locations":[{"start":{"line":14,"column":91},"end":{"line":21,"column":3}}]},"7":{"type":"branch","line":14,"loc":{"start":{"line":14,"column":91},"end":{"line":18,"column":4}},"locations":[{"start":{"line":14,"column":91},"end":{"line":18,"column":4}}]},"8":{"type":"branch","line":18,"loc":{"start":{"line":18,"column":4},"end":{"line":21,"column":3}},"locations":[{"start":{"line":18,"column":4},"end":{"line":21,"column":3}}]}},"b":{"0":[25],"1":[5],"2":[20],"3":[0],"4":[5],"5":[20],"6":[24],"7":[18],"8":[1]},"fnMap":{"0":{"name":"FetchApi","decl":{"start":{"line":3,"column":0},"end":{"line":22,"column":1}},"loc":{"start":{"line":3,"column":0},"end":{"line":22,"column":1}},"line":3}},"f":{"0":25}}
,"/home/bushido/Área de Trabalho/Simulado-processo-seletivo/simulado/src/tests/helper/renderWithRouter.tsx": {"path":"/home/bushido/Área de Trabalho/Simulado-processo-seletivo/simulado/src/tests/helper/renderWithRouter.tsx","all":false,"statementMap":{"0":{"start":{"line":1,"column":0},"end":{"line":1,"column":48}},"1":{"start":{"line":2,"column":0},"end":{"line":2,"column":49}},"2":{"start":{"line":3,"column":0},"end":{"line":3,"column":0}},"3":{"start":{"line":4,"column":0},"end":{"line":4,"column":51}},"4":{"start":{"line":5,"column":0},"end":{"line":5,"column":10}},"5":{"start":{"line":6,"column":0},"end":{"line":6,"column":51}},"6":{"start":{"line":7,"column":0},"end":{"line":7,"column":3}},"7":{"start":{"line":8,"column":0},"end":{"line":8,"column":1}},"8":{"start":{"line":9,"column":0},"end":{"line":9,"column":0}},"9":{"start":{"line":10,"column":0},"end":{"line":10,"column":32}}},"s":{"0":1,"1":1,"2":1,"3":17,"4":17,"5":17,"6":17,"7":17,"8":1,"9":1},"branchMap":{"0":{"type":"branch","line":4,"loc":{"start":{"line":4,"column":0},"end":{"line":8,"column":1}},"locations":[{"start":{"line":4,"column":0},"end":{"line":8,"column":1}}]}},"b":{"0":[17]},"fnMap":{"0":{"name":"renderWithRouter","decl":{"start":{"line":4,"column":0},"end":{"line":8,"column":1}},"loc":{"start":{"line":4,"column":0},"end":{"line":8,"column":1}},"line":4}},"f":{"0":17}}
,"/home/bushido/Área de Trabalho/Simulado-processo-seletivo/simulado/src/tests/mock/mockData.ts": {"path":"/home/bushido/Área de Trabalho/Simulado-processo-seletivo/simulado/src/tests/mock/mockData.ts","all":false,"statementMap":{"0":{"start":{"line":1,"column":0},"end":{"line":1,"column":52}},"1":{"start":{"line":2,"column":0},"end":{"line":2,"column":0}},"2":{"start":{"line":3,"column":0},"end":{"line":3,"column":18}},"3":{"start":{"line":4,"column":0},"end":{"line":4,"column":10}},"4":{"start":{"line":5,"column":0},"end":{"line":5,"column":8}},"5":{"start":{"line":6,"column":0},"end":{"line":6,"column":16}},"6":{"start":{"line":7,"column":0},"end":{"line":7,"column":22}},"7":{"start":{"line":8,"column":0},"end":{"line":8,"column":24}},"8":{"start":{"line":9,"column":0},"end":{"line":9,"column":58}},"9":{"start":{"line":10,"column":0},"end":{"line":10,"column":45}},"10":{"start":{"line":11,"column":0},"end":{"line":11,"column":330}},"11":{"start":{"line":12,"column":0},"end":{"line":12,"column":151}},"12":{"start":{"line":13,"column":0},"end":{"line":13,"column":6}},"13":{"start":{"line":14,"column":0},"end":{"line":14,"column":19}},"14":{"start":{"line":15,"column":0},"end":{"line":15,"column":6}},"15":{"start":{"line":16,"column":0},"end":{"line":16,"column":6}},"16":{"start":{"line":17,"column":0},"end":{"line":17,"column":7}},"17":{"start":{"line":18,"column":0},"end":{"line":18,"column":2}},"18":{"start":{"line":19,"column":0},"end":{"line":19,"column":0}},"19":{"start":{"line":20,"column":0},"end":{"line":20,"column":24}}},"s":{"0":1,"1":1,"2":1,"3":1,"4":1,"5":1,"6":1,"7":1,"8":1,"9":1,"10":1,"11":1,"12":1,"13":1,"14":1,"15":1,"16":1,"17":1,"18":1,"19":1},"branchMap":{},"b":{},"fnMap":{},"f":{}}
}
